#
# A fatal error has been detected by the Java Runtime Environment:
#
#  Internal Error (jvmciRuntime.cpp:1609), pid=25, tid=40
#  fatal error: Fatal exception in JVMCI: Error calling jdk.vm.ci.services.Services.serializeSavedProperties
#
# JRE version: OpenJDK Runtime Environment GraalVM CE 22.3.0 (17.0.5+8) (build 17.0.5+8-jvmci-22.3-b08)
# Java VM: OpenJDK 64-Bit Server VM GraalVM CE 22.3.0 (17.0.5+8-jvmci-22.3-b08, mixed mode, sharing, tiered, jvmci, jvmci compiler, compressed oops, compressed class ptrs, parallel gc, linux-amd64)
# Problematic frame:
# V  [libjvm.so+0x972714]  JVMCIRuntime::fatal_exception(JVMCIEnv*, char const*)+0x74
#
# Core dump will be written. Default location: Core dumps may be processed with "/usr/share/apport/apport -p%p -s%s -c%c -d%d -P%P -u%u -g%g -- %E" (or dumping to /home/runner/RobotRUN/core.25)
#
# If you would like to submit a bug report, please visit:
#   https://github.com/oracle/graal/issues
#

---------------  S U M M A R Y ------------

Command Line: -XX:ThreadPriorityPolicy=1 -XX:+UnlockExperimentalVMOptions -XX:+EnableJVMCIProduct -XX:JVMCIThreadsPerNativeLibraryRuntime=1 -XX:-UnlockExperimentalVMOptions -Declipse.application=org.eclipse.jdt.ls.core.id1 -Dosgi.bundles.defaultStartLevel=4 -Declipse.product=org.eclipse.jdt.ls.core.product -Dlog.level=ALL -Xverify:none -XX:+UseParallelGC -XX:GCTimeRatio=4 -XX:AdaptiveSizePolicyWeight=90 -Dsun.zip.disableMemoryMapping=true -Xmx512m -Xms100m /nix/store/m6gcpi1ii6rghy04cjwjddcavv7i90df-jdt-language-server-1.9.0/share/java/plugins/org.eclipse.equinox.launcher_1.6.400.v20210924-0641.jar --add-modules=ALL-SYSTEM --add-opens java.base/java.util=ALL-UNNAMED --add-opens java.base/java.lang=ALL-UNNAMED -configuration /home/runner/.cache/jdt-language-server/config -data /home/runner/.cache/jdt-language-server/data/home/runner/RobotRUN

Host: AMD EPYC 7B12, 8 cores, 1G, Ubuntu 20.04.2 LTS
Time: Tue Jan 17 13:55:41 2023 UTC elapsed time: 1321.196273 seconds (0d 0h 22m 1s)

---------------  T H R E A D  ---------------

Current thread (0x00007fb7d00b21b0):  JavaThread "JVMCI-native CompilerThread0" daemon [_thread_in_vm, id=40, stack(0x00007fb7b71b3000,0x00007fb7b73b3000)]


Current CompileTask:
JVMCI-native:1321199 8034       4       java.util.HashSet::isEmpty (8 bytes)

Stack: [0x00007fb7b71b3000,0x00007fb7b73b3000],  sp=0x00007fb7b73b1380,  free space=2040k
Native frames: (J=compiled Java code, j=interpreted, Vv=VM code, C=native code)
V  [libjvm.so+0x972714]  JVMCIRuntime::fatal_exception(JVMCIEnv*, char const*)+0x74
V  [libjvm.so+0x93e2fe]  JVMCIEnv::copy_saved_properties()+0x14e
V  [libjvm.so+0x9732a9]  JVMCIRuntime::initialize(JVMCIEnv*)+0xb19
V  [libjvm.so+0x9738a2]  JVMCIRuntime::get_HotSpotJVMCIRuntime(JVMCIEnv*)+0x12
V  [libjvm.so+0x9749f2]  JVMCIRuntime::compile_method(JVMCIEnv*, JVMCICompiler*, methodHandle const&, int)+0xd2
V  [libjvm.so+0x5b0d20]  CompileBroker::invoke_compiler_on_method(CompileTask*)+0x1470
V  [libjvm.so+0x5b12e8]  CompileBroker::compiler_thread_loop()+0x528
V  [libjvm.so+0xd82460]  JavaThread::thread_main_inner()+0xd0
V  [libjvm.so+0xd85a40]  Thread::call_run()+0xc0
V  [libjvm.so+0xbdb1e1]  thread_native_entry(Thread*)+0xe1

Register to memory mapping:

RAX=0x00007fb7d6e6d000 points into unknown readable memory: 0x0000000000000058 | 58 00 00 00 00 00 00 00
RBX=0x00007fb7d7f68398: <offset 0x0000000000ef5398> in /nix/store/gpxl5qgg8kicmcvivwmybwjlpf7wh20l-graalvm17-ce-22.3.0/lib/server/libjvm.so at 0x00007fb7d7073000
RCX=0x00007fb7d7f201e8: <offset 0x0000000000ead1e8> in /nix/store/gpxl5qgg8kicmcvivwmybwjlpf7wh20l-graalvm17-ce-22.3.0/lib/server/libjvm.so at 0x00007fb7d7073000
RDX=0x0000000000000649 is an unknown value
RSP=0x00007fb7b73b1380 is pointing into the stack for thread: 0x00007fb7d00b21b0
RBP=0x00007fb7b73b13a0 is pointing into the stack for thread: 0x00007fb7d00b21b0
RSI=0x00007fb7d7f68c48: <offset 0x0000000000ef5c48> in /nix/store/gpxl5qgg8kicmcvivwmybwjlpf7wh20l-graalvm17-ce-22.3.0/lib/server/libjvm.so at 0x00007fb7d7073000
RDI=0x00000000e0000000 is an oop: java.lang.String 
{0x00000000e0000000} - klass: 'java/lang/String'
 - string: "resolution"
R8 =0x00007fb7d7f68398: <offset 0x0000000000ef5398> in /nix/store/gpxl5qgg8kicmcvivwmybwjlpf7wh20l-graalvm17-ce-22.3.0/lib/server/libjvm.so at 0x00007fb7d7073000
R9 =0x0000000000000003 is an unknown value
R10=0x00007fb7d82b9da0: <offset 0x0000000001246da0> in /nix/store/gpxl5qgg8kicmcvivwmybwjlpf7wh20l-graalvm17-ce-22.3.0/lib/server/libjvm.so at 0x00007fb7d7073000
R11=0x000000080044f048 is pointing into metadata
R12=0x0 is NULL
R13=0x00007fb7d00b21b0 is a thread
R14=0x00007fb7d0000b80 points into unknown readable memory: 0x00007fb7d8199a38 | 38 9a 19 d8 b7 7f 00 00
R15=0x00007fb7d82a7e40: <offset 0x0000000001234e40> in /nix/store/gpxl5qgg8kicmcvivwmybwjlpf7wh20l-graalvm17-ce-22.3.0/lib/server/libjvm.so at 0x00007fb7d7073000


Registers:
RAX=0x00007fb7d6e6d000, RBX=0x00007fb7d7f68398, RCX=0x00007fb7d7f201e8, RDX=0x0000000000000649
RSP=0x00007fb7b73b1380, RBP=0x00007fb7b73b13a0, RSI=0x00007fb7d7f68c48, RDI=0x00000000e0000000
R8 =0x00007fb7d7f68398, R9 =0x0000000000000003, R10=0x00007fb7d82b9da0, R11=0x000000080044f048
R12=0x0000000000000000, R13=0x00007fb7d00b21b0, R14=0x00007fb7d0000b80, R15=0x00007fb7d82a7e40
RIP=0x00007fb7d79e5714, EFLAGS=0x0000000000010206, CSGSFS=0x002b000000000033, ERR=0x0000000000000006
  TRAPNO=0x000000000000000e

Top of Stack: (sp=0x00007fb7b73b1380)
0x00007fb7b73b1380:   00007fb7b73b1940 00007fb7d00b21b0
0x00007fb7b73b1390:   00007fb7d57fe8c8 0000000800c417a0
0x00007fb7b73b13a0:   00007fb7b73b1500 00007fb7d79b12fe
0x00007fb7b73b13b0:   00007fb7b73b13e0 00007fb7b73b1440 

Instructions: (pc=0x00007fb7d79e5714)
0x00007fb7d79e5614:   30 e8 f6 cf e8 ff 4c 89 e7 e8 2e 48 d1 ff 84 db
0x00007fb7d79e5624:   75 2a 4d 85 ed 74 04 4d 8b 6d 00 48 83 c4 08 44
0x00007fb7d79e5634:   89 f9 4c 89 f2 4c 89 ee 5b 4c 89 e7 41 5c 41 5d
0x00007fb7d79e5644:   41 5e 41 5f 5d e9 e2 47 d1 ff 66 90 48 83 c4 08
0x00007fb7d79e5654:   5b 41 5c 41 5d 41 5e 41 5f 5d c3 90 31 d2 be 08
0x00007fb7d79e5664:   00 00 00 4c 89 ff e8 b1 78 a3 ff 49 89 c5 e9 37
0x00007fb7d79e5674:   ff ff ff 66 0f 1f 84 00 00 00 00 00 48 8b 7a 08
0x00007fb7d79e5684:   e9 6d ff ff ff 0f 1f 80 00 00 00 00 e8 5b 48 0a
0x00007fb7d79e5694:   00 84 c0 75 89 e9 6a ff ff ff 66 90 55 48 89 e5
0x00007fb7d79e56a4:   41 56 41 55 41 54 49 89 fc 53 48 89 f3 66 48 8d
0x00007fb7d79e56b4:   3d 27 5e 85 00 66 66 48 e8 df 43 8d ff 4c 8b 28
0x00007fb7d79e56c4:   8b 05 be 72 8a 00 85 c0 75 14 ba 01 00 00 00 48
0x00007fb7d79e56d4:   8d 0d ae 72 8a 00 f0 0f b1 11 85 c0 74 4e be c8
0x00007fb7d79e56e4:   00 00 00 4c 89 ef e8 01 0b 41 00 48 8d 05 12 ac
0x00007fb7d79e56f4:   85 00 49 89 d8 48 8d 0d e8 aa 53 00 ba 49 06 00
0x00007fb7d79e5704:   00 48 8d 35 3c 35 58 00 bf 00 00 00 e0 48 8b 00
0x00007fb7d79e5714:   c6 00 58 31 c0 e8 e2 91 c6 ff 5b 41 5c 41 5d 41
0x00007fb7d79e5724:   5e 5d e9 55 34 26 00 0f 1f 44 00 00 48 8d 05 81
0x00007fb7d79e5734:   a3 8b 00 48 89 df 4c 8b 30 e8 9e 43 8d ff 48 89
0x00007fb7d79e5744:   de 48 89 c2 49 8b 06 4c 89 f7 ff 50 08 4c 89 f7
0x00007fb7d79e5754:   e8 a7 5c 27 00 4d 85 e4 74 12 be 01 00 00 00 4c
0x00007fb7d79e5764:   89 e7 e8 35 43 fc ff eb 82 0f 1f 00 be 01 00 00
0x00007fb7d79e5774:   00 4c 89 ef e8 d3 fd ff ff e9 6d ff ff ff 66 66
0x00007fb7d79e5784:   2e 0f 1f 84 00 00 00 00 00 0f 1f 00 55 48 89 e5
0x00007fb7d79e5794:   41 57 41 56 41 55 41 54 53 48 81 ec 08 02 00 00
0x00007fb7d79e57a4:   64 48 8b 04 25 28 00 00 00 48 89 45 c8 8b 07 83
0x00007fb7d79e57b4:   f8 02 0f 84 11 04 00 00 4c 8b 6f 18 49 89 ff 49
0x00007fb7d79e57c4:   89 f4 4d 85 ed 74 14 4c 89 ef e8 5d 57 22 00 41
0x00007fb7d79e57d4:   8b 07 83 f8 02 0f 84 19 04 00 00 48 8d 1d 9a 06
0x00007fb7d79e57e4:   8a 00 4c 8d 35 0b 3c 58 00 eb 38 90 48 85 d2 7f
0x00007fb7d79e57f4:   0d 48 8d 05 b4 c0 85 00 48 83 38 00 7e 0e 41 8b
0x00007fb7d79e5804:   77 2c 4c 89 f7 31 c0 e8 a0 b2 f7 ff 49 8b 7f 18 


Stack slot to memory mapping:
stack at sp + 0 slots: 0x00007fb7b73b1940 is pointing into the stack for thread: 0x00007fb7d00b21b0
stack at sp + 1 slots: 0x00007fb7d00b21b0 is a thread
stack at sp + 2 slots: 0x00007fb7d57fe8c8 points into unknown readable memory: 0x6573001880c9ffff | ff ff c9 80 18 00 73 65
stack at sp + 3 slots: 0x0000000800c417a0 is a pointer to class: 
jdk.vm.ci.services.Services {0x0000000800c417a0}
 - instance size:     2
 - klass size:        65
 - access:            public final synchronized 
 - state:             fully_initialized
 - name:              'jdk/vm/ci/services/Services'
 - super:             'java/lang/Object'
 - sub:               
 - arrays:            NULL
 - methods:           Array<T>(0x00007fb7d4843730)
 - method ordering:   Array<T>(0x0000000800928960)
 - default_methods:   Array<T>(0x0000000000000000)
 - local interfaces:  Array<T>(0x00000008005ce810)
 - trans. interfaces: Array<T>(0x00000008005ce810)
 - constants:         constant pool [427] {0x00007fb7d4842810} for 'jdk/vm/ci/services/Services' cache=0x00007fb7d4844a00
 - class loader data:  loader data: 0x00007fb7d00283d0 of 'bootstrap'
 - source file:       'Services.java'
 - class annotations:       Array<T>(0x0000000000000000)
 - class type annotations:  Array<T>(0x0000000000000000)
 - field annotations:       Array<T>(0x0000000000000000)
 - field type annotations:  Array<T>(0x0000000000000000)
 - inner classes:     Array<T>(0x00007fb7d48449d0)
 - nest members:     Array<T>(0x00007fb7d48449f0)
 - permitted subclasses:     Array<T>(0x00000008005ce7a0)
 - java mirror:       a 'java/lang/Class'{0x00000000e0147168} = 'jdk/vm/ci/services/Services'
 - vtable length      5  (start addr: 0x0000000800c41970)
 - itable length      2 (start addr: 0x0000000800c41998)
 - ---- static fields (3 words):
 - public static final 'IS_BUILDING_NATIVE_IMAGE' 'Z' @128 
 - public static final 'IS_IN_NATIVE_IMAGE' 'Z' @129 
 - private static volatile 'savedProperties' 'Ljava/util/Map;' @112 
 - static final 'JVMCI_ENABLED' 'Z' @130 
 - private static final 'servicesCache' 'Ljava/util/Map;' @116 
 - private static final 'MAX_UNICODE_IN_UTF8_LENGTH' 'I' @120 
 - private static final 'MAX_UTF8_PROPERTY_STRING_LENGTH' 'I' @124 
 - ---- non-static fields (0 words):
 - non-static oop maps: 
stack at sp + 4 slots: 0x00007fb7b73b1500 is pointing into the stack for thread: 0x00007fb7d00b21b0
stack at sp + 5 slots: 0x00007fb7d79b12fe: <offset 0x000000000093e2fe> in /nix/store/gpxl5qgg8kicmcvivwmybwjlpf7wh20l-graalvm17-ce-22.3.0/lib/server/libjvm.so at 0x00007fb7d7073000
stack at sp + 6 slots: 0x00007fb7b73b13e0 is pointing into the stack for thread: 0x00007fb7d00b21b0
stack at sp + 7 slots: 0x00007fb7b73b1440 is pointing into the stack for thread: 0x00007fb7d00b21b0


---------------  P R O C E S S  ---------------

Threads class SMR info:
_java_thread_list=0x00007fb760003e80, length=26, elements={
0x00007fb7d0026670, 0x00007fb7d00a64b0, 0x00007fb7d00a78f0, 0x00007fb7d00ae020,
0x00007fb7d00af3d0, 0x00007fb7d00b07c0, 0x00007fb7d00b21b0, 0x00007fb7d00b36c0,
0x00007fb7d00b4b10, 0x00007fb7d00dfc00, 0x00007fb7d0127ea0, 0x00007fb7d0363a60,
0x00007fb7d0397390, 0x00007fb7d0399430, 0x00007fb7d065f010, 0x00007fb768016d90,
0x00007fb7682b2700, 0x00007fb768314850, 0x00007fb7580010d0, 0x00007fb768490b20,
0x00007fb7685ff6d0, 0x00007fb7d031e2a0, 0x00007fb7d0521620, 0x00007fb734000ff0,
0x00007fb75800eba0, 0x00007fb7402851e0
}

Java Threads: ( => current thread )
  0x00007fb7d0026670 JavaThread "main" [_thread_blocked, id=32, stack(0x00007fb7d6e8e000,0x00007fb7d6f8e000)]
  0x00007fb7d00a64b0 JavaThread "Reference Handler" daemon [_thread_blocked, id=35, stack(0x00007fb7d45fe000,0x00007fb7d46fe000)]
  0x00007fb7d00a78f0 JavaThread "Finalizer" daemon [_thread_blocked, id=36, stack(0x00007fb7d44fe000,0x00007fb7d45fe000)]
  0x00007fb7d00ae020 JavaThread "Signal Dispatcher" daemon [_thread_blocked, id=37, stack(0x00007fb7d4118000,0x00007fb7d4218000)]
  0x00007fb7d00af3d0 JavaThread "Service Thread" daemon [_thread_blocked, id=38, stack(0x00007fb7d4018000,0x00007fb7d4118000)]
  0x00007fb7d00b07c0 JavaThread "Monitor Deflation Thread" daemon [_thread_blocked, id=39, stack(0x00007fb7b73b3000,0x00007fb7b74b3000)]
=>0x00007fb7d00b21b0 JavaThread "JVMCI-native CompilerThread0" daemon [_thread_in_vm, id=40, stack(0x00007fb7b71b3000,0x00007fb7b73b3000)]
  0x00007fb7d00b36c0 JavaThread "C1 CompilerThread0" daemon [_thread_blocked, id=41, stack(0x00007fb7b6fb3000,0x00007fb7b71b3000)]
  0x00007fb7d00b4b10 JavaThread "Sweeper thread" daemon [_thread_blocked, id=42, stack(0x00007fb7b6eb3000,0x00007fb7b6fb3000)]
  0x00007fb7d00dfc00 JavaThread "Common-Cleaner" daemon [_thread_blocked, id=43, stack(0x00007fb7b6db3000,0x00007fb7b6eb3000)]
  0x00007fb7d0127ea0 JavaThread "Notification Thread" daemon [_thread_blocked, id=44, stack(0x00007fb7b6cb3000,0x00007fb7b6db3000)]
  0x00007fb7d0363a60 JavaThread "Active Thread: Equinox Container: ec8b3210-66ee-4733-a815-b1b8a9fec764" [_thread_blocked, id=53, stack(0x00007fb7b4700000,0x00007fb7b4800000)]
  0x00007fb7d0397390 JavaThread "Framework Event Dispatcher: Equinox Container: ec8b3210-66ee-4733-a815-b1b8a9fec764" daemon [_thread_blocked, id=54, stack(0x00007fb7b4500000,0x00007fb7b4600000)]
  0x00007fb7d0399430 JavaThread "Start Level: Equinox Container: ec8b3210-66ee-4733-a815-b1b8a9fec764" daemon [_thread_blocked, id=55, stack(0x00007fb7b4300000,0x00007fb7b4400000)]
  0x00007fb7d065f010 JavaThread "Refresh Thread: Equinox Container: ec8b3210-66ee-4733-a815-b1b8a9fec764" daemon [_thread_blocked, id=56, stack(0x00007fb7b4100000,0x00007fb7b4200000)]
  0x00007fb768016d90 JavaThread "SCR Component Actor" daemon [_thread_blocked, id=62, stack(0x00007fb77ed00000,0x00007fb77ee00000)]
  0x00007fb7682b2700 JavaThread "Worker-JM" [_thread_blocked, id=64, stack(0x00007fb77eb00000,0x00007fb77ec00000)]
  0x00007fb768314850 JavaThread "Worker-0: Periodic workspace save." [_thread_blocked, id=65, stack(0x00007fb77e900000,0x00007fb77ea00000)]
  0x00007fb7580010d0 JavaThread "Worker-1: Compacting resource model" [_thread_blocked, id=66, stack(0x00007fb77e700000,0x00007fb77e800000)]
  0x00007fb768490b20 JavaThread "Java indexing" daemon [_thread_blocked, id=67, stack(0x00007fb77e500000,0x00007fb77e600000)]
  0x00007fb7685ff6d0 JavaThread "Bundle File Closer" daemon [_thread_blocked, id=72, stack(0x00007fb77e300000,0x00007fb77e400000)]
  0x00007fb7d031e2a0 JavaThread "pool-3-thread-1" [_thread_blocked, id=73, stack(0x00007fb77e100000,0x00007fb77e200000)]
  0x00007fb7d0521620 JavaThread "pool-2-thread-1" [_thread_blocked, id=75, stack(0x00007fb77df00000,0x00007fb77e000000)]
  0x00007fb734000ff0 JavaThread "Worker-4: Java indexing... " [_thread_blocked, id=77, stack(0x00007fb77db00000,0x00007fb77dc00000)]
  0x00007fb75800eba0 JavaThread "Worker-6" [_thread_blocked, id=910, stack(0x00007fb77dd00000,0x00007fb77de00000)]
  0x00007fb7402851e0 JavaThread "Thread-25" [_thread_blocked, id=965, stack(0x00007fb7b4600000,0x00007fb7b4700000)]

Other Threads:
  0x00007fb7d00a1bf0 VMThread "VM Thread" [stack: 0x00007fb7d4700000,0x00007fb7d4800000] [id=34] _threads_hazard_ptr=0x00007fb760003e80
  0x00007fb7d0129840 WatcherThread [stack: 0x00007fb7b6bb3000,0x00007fb7b6cb3000] [id=45]
  0x00007fb7d003df10 GCTaskThread "GC Thread#0" [stack: 0x00007fb7d6a51000,0x00007fb7d6b51000] [id=33]

Threads with active compile tasks:
JVMCI-native CompilerThread0  1321384 8034       4       java.util.HashSet::isEmpty (8 bytes)

VM state: synchronizing (normal execution)

VM Mutex/Monitor currently owned by a thread:  ([mutex/lock_event])
[0x00007fb7d0023820] Threads_lock - owner thread: 0x00007fb7d00a1bf0
[0x00007fb7d0023fd0] Heap_lock - owner thread: 0x00007fb768490b20

OutOfMemory and StackOverflow Exception counts:
OutOfMemoryError java_heap_errors=1
LinkageErrors=51

Heap address: 0x00000000e0000000, size: 512 MB, Compressed Oops mode: 32-bit

CDS archive(s) mapped at: [0x0000000800000000-0x0000000800bc8000-0x0000000800bc8000), size 12353536, SharedBaseAddress: 0x0000000800000000, ArchiveRelocationMode: 0.
Compressed class space mapped at: 0x0000000800c00000-0x0000000840c00000, reserved size: 1073741824
Narrow klass base: 0x0000000800000000, Narrow klass shift: 0, Narrow klass range: 0x100000000

GC Precious Log:
 CPUs: 8 total, 1 available
 Memory: 1024M
 Large Page Support: Disabled
 NUMA Support: Disabled
 Compressed Oops: Enabled (32-bit)
 Alignments: Space 512K, Generation 512K, Heap 2M
 Heap Min Capacity: 100M
 Heap Initial Capacity: 100M
 Heap Max Capacity: 512M
 Pre-touch: Disabled
 Parallel Workers: 1

Heap:
 PSYoungGen      total 45568K, used 33280K [0x00000000f5580000, 0x00000000fa880000, 0x0000000100000000)
  eden space 33280K, 100% used [0x00000000f5580000,0x00000000f7600000,0x00000000f7600000)
  from space 12288K, 0% used [0x00000000f7600000,0x00000000f7600000,0x00000000f8200000)
  to   space 23040K, 0% used [0x00000000f9200000,0x00000000f9200000,0x00000000fa880000)
 ParOldGen       total 349696K, used 349695K [0x00000000e0000000, 0x00000000f5580000, 0x00000000f5580000)
  object space 349696K, 99% used [0x00000000e0000000,0x00000000f557ff78,0x00000000f5580000)
 Metaspace       used 55975K, committed 56768K, reserved 1105920K
  class space    used 5526K, committed 5824K, reserved 1048576K

Card table byte_map: [0x00007fb7d6b51000,0x00007fb7d6c52000] _byte_map_base: 0x00007fb7d6451000

Marking Bits: (ParMarkBitMap*) 0x00007fb7d82a14c0
 Begin Bits: [0x00007fb7d59a4000, 0x00007fb7d61a4000)
 End Bits:   [0x00007fb7d61a4000, 0x00007fb7d69a4000)

Polling page: 0x00007fb7d6e6b000

Metaspace:

Usage:
  Non-class:     49.27 MB used.
      Class:      5.40 MB used.
       Both:     54.66 MB used.

Virtual space:
  Non-class space:       56.00 MB reserved,      49.75 MB ( 89%) committed,  7 nodes.
      Class space:        1.00 GB reserved,       5.69 MB ( <1%) committed,  1 nodes.
             Both:        1.05 GB reserved,      55.44 MB (  5%) committed. 

Chunk freelists:
   Non-Class:  2.02 MB
       Class:  2.28 MB
        Both:  4.30 MB

MaxMetaspaceSize: unlimited
CompressedClassSpaceSize: 1.00 GB
Initial GC threshold: 21.00 MB
Current GC threshold: 92.44 MB
CDS: on
MetaspaceReclaimPolicy: balanced
 - commit_granule_bytes: 65536.
 - commit_granule_words: 8192.
 - virtual_space_node_default_size: 1048576.
 - enlarge_chunks_in_place: 1.
 - new_chunks_are_fully_committed: 0.
 - uncommit_free_chunks: 1.
 - use_allocation_guard: 0.
 - handle_deallocations: 1.


Internal statistics:

num_allocs_failed_limit: 6.
num_arena_births: 390.
num_arena_deaths: 78.
num_vsnodes_births: 8.
num_vsnodes_deaths: 0.
num_space_committed: 886.
num_space_uncommitted: 0.
num_chunks_returned_to_freelist: 107.
num_chunks_taken_from_freelist: 2498.
num_chunk_merges: 43.
num_chunk_splits: 1638.
num_chunks_enlarged: 1038.
num_purges: 2.
num_inconsistent_stats: 0.

CodeHeap 'non-profiled nmethods': size=120036Kb used=2463Kb max_used=2463Kb free=117572Kb
 bounds [0x00007fb7bef7a000, 0x00007fb7bf1ea000, 0x00007fb7c64b3000]
CodeHeap 'profiled nmethods': size=120032Kb used=13371Kb max_used=15151Kb free=106660Kb
 bounds [0x00007fb7b7a42000, 0x00007fb7b8912000, 0x00007fb7bef7a000]
CodeHeap 'non-nmethods': size=5692Kb used=1390Kb max_used=1399Kb free=4301Kb
 bounds [0x00007fb7b74b3000, 0x00007fb7b7723000, 0x00007fb7b7a42000]
 total_blobs=6904 nmethods=6180 adapters=614
 compilation: enabled
              stopped_count=0, restarted_count=0
 full_count=0

JVMCI Events (20 events):
Event: 1105.987 Thread 0x00007fb7d00b21b0 destroyed JavaVM[8]@0x00007fb77d19e340 for JVMCI runtime 0
Event: 1105.987 Thread 0x00007fb7d00b21b0 compacted oop handles in JVMCI runtime 0 from 49 to 49
Event: 1105.987 Thread 0x00007fb7d00b21b0 releasing handles for JVMCI runtime 0: oop handles=49, metadata handles={total=96, live=79, blocks=28}
Event: 1105.987 Thread 0x00007fb7d00b21b0 detached from JVMCI runtime 0
Event: 1105.988 Thread 0x00007fb7d00b21b0 attached to JVMCI runtime 0
Event: 1105.989 Thread 0x00007fb7d00b21b0 created JavaVM[9]@0x00007fb77d19e340 for JVMCI runtime 0
Event: 1105.989 Thread 0x00007fb7d00b21b0 initializing JVMCI runtime 0
Event: 1105.989 Thread 0x00007fb7d00b21b0 done waiting for JavaVM references initialization in JVMCI runtime 0
Event: 1146.107 Thread 0x00007fb7d00b21b0 initialized JVMCI runtime 0
Event: 1192.582 Thread 0x00007fb7d00b21b0 detaching from JVMCI runtime 0: releasing idle compiler thread (0 other threads still attached)
Event: 1192.582 Thread 0x00007fb7d00b21b0 shutting down HotSpotJVMCIRuntime for JVMCI runtime 0
Event: 1192.583 Thread 0x00007fb7d00b21b0 shut down JVMCI runtime 0
Event: 1192.585 Thread 0x00007fb7d00b21b0 destroyed JavaVM[9]@0x00007fb77d19e340 for JVMCI runtime 0
Event: 1192.585 Thread 0x00007fb7d00b21b0 compacted oop handles in JVMCI runtime 0 from 47 to 47
Event: 1192.585 Thread 0x00007fb7d00b21b0 releasing handles for JVMCI runtime 0: oop handles=47, metadata handles={total=96, live=91, blocks=28}
Event: 1192.585 Thread 0x00007fb7d00b21b0 detached from JVMCI runtime 0
Event: 1295.471 Thread 0x00007fb7d00b21b0 attached to JVMCI runtime 0
Event: 1295.473 Thread 0x00007fb7d00b21b0 created JavaVM[10]@0x00007fb77d19e340 for JVMCI runtime 0
Event: 1295.473 Thread 0x00007fb7d00b21b0 initializing JVMCI runtime 0
Event: 1295.473 Thread 0x00007fb7d00b21b0 done waiting for JavaVM references initialization in JVMCI runtime 0

Compilation events (20 events):
Event: 875.901 Thread 0x00007fb7d00b36c0 8025       3       org.eclipse.core.runtime.Path::toFile (12 bytes)
Event: 877.190 Thread 0x00007fb7d00b36c0 nmethod 8025 0x00007fb7b8445510 code [0x00007fb7b84456c0, 0x00007fb7b84458b0]
Event: 877.195 Thread 0x00007fb7d00b21b0 nmethod 8020 0x00007fb7bf1dec10 code [0x00007fb7bf1ded80, 0x00007fb7bf1dede8]
Event: 886.503 Thread 0x00007fb7d00b36c0 8026       3       java.util.concurrent.ScheduledThreadPoolExecutor::canRunInCurrentRunState (61 bytes)
Event: 887.862 Thread 0x00007fb7d00b36c0 nmethod 8026 0x00007fb7b7f34e90 code [0x00007fb7b7f350a0, 0x00007fb7b7f35b40]
Event: 977.364 Thread 0x00007fb7d00b21b0 8027 %     4       jdk.internal.reflect.UTF8::utf8Length @ 9 (81 bytes)
Event: 1007.373 Thread 0x00007fb7d00b21b0 nmethod 8027% 0x00007fb7bf1def10 code [0x00007fb7bf1df0a0, 0x00007fb7bf1df3f0]
Event: 1040.870 Thread 0x00007fb7d00b21b0 8029       4       java.util.WeakHashMap::hash (28 bytes)
Event: 1104.515 Thread 0x00007fb7d00b21b0 nmethod 8029 0x00007fb7bf1df990 code [0x00007fb7bf1dfba0, 0x00007fb7bf1dfd70]
Event: 1105.988 Thread 0x00007fb7d00b21b0 8030 % !   4       jdk.internal.reflect.UTF8::encode @ 17 (191 bytes)
Event: 1161.085 Thread 0x00007fb7d00b21b0 nmethod 8030% 0x00007fb7bf1dff10 code [0x00007fb7bf1e00a0, 0x00007fb7bf1e04f0]
Event: 1161.086 Thread 0x00007fb7d00b21b0 8031       4       jdk.internal.reflect.ClassFileAssembler::emitConstantPoolUTF8 (50 bytes)
Event: 1191.093 Thread 0x00007fb7d00b21b0 nmethod 8031 0x00007fb7bf1e0710 code [0x00007fb7bf1e0920, 0x00007fb7bf1e1530]
Event: 1194.017 Thread 0x00007fb7d00b36c0 8032  s    3       org.eclipse.jdt.internal.core.search.processing.JobManager::awaitingJobsCount (21 bytes)
Event: 1195.495 Thread 0x00007fb7d00b36c0 nmethod 8032 0x00007fb7b868b010 code [0x00007fb7b868b1c0, 0x00007fb7b868b5e0]
Event: 1291.303 Thread 0x00007fb7d00b36c0 8033       3       java.util.concurrent.ThreadPoolExecutor::workerCountOf (5 bytes)
Event: 1291.303 Thread 0x00007fb7d00b36c0 nmethod 8033 0x00007fb7b80d0510 code [0x00007fb7b80d06a0, 0x00007fb7b80d0790]
Event: 1295.471 Thread 0x00007fb7d00b21b0 8034       4       java.util.HashSet::isEmpty (8 bytes)
Event: 1302.005 Thread 0x00007fb7d00b36c0 8035       3       java.util.concurrent.ScheduledThreadPoolExecutor$DelayedWorkQueue::setIndex (16 bytes)
Event: 1303.368 Thread 0x00007fb7d00b36c0 nmethod 8035 0x00007fb7b84b4990 code [0x00007fb7b84b4b40, 0x00007fb7b84b5110]

GC Heap History (20 events):
Event: 1306.098 GC heap before
{Heap before GC invocations=936 (full 823):
 PSYoungGen      total 45568K, used 33279K [0x00000000f5580000, 0x00000000fa880000, 0x0000000100000000)
  eden space 33280K, 99% used [0x00000000f5580000,0x00000000f75ffff0,0x00000000f7600000)
  from space 12288K, 0% used [0x00000000f7600000,0x00000000f7600000,0x00000000f8200000)
  to   space 23040K, 0% used [0x00000000f9200000,0x00000000f9200000,0x00000000fa880000)
 ParOldGen       total 349696K, used 349691K [0x00000000e0000000, 0x00000000f5580000, 0x00000000f5580000)
  object space 349696K, 99% used [0x00000000e0000000,0x00000000f557eea0,0x00000000f5580000)
 Metaspace       used 55975K, committed 56768K, reserved 1105920K
  class space    used 5526K, committed 5824K, reserved 1048576K
}
Event: 1307.489 GC heap after
{Heap after GC invocations=936 (full 823):
 PSYoungGen      total 56320K, used 33279K [0x00000000f5580000, 0x00000000fa880000, 0x0000000100000000)
  eden space 33280K, 99% used [0x00000000f5580000,0x00000000f75fffd0,0x00000000f7600000)
  from space 23040K, 0% used [0x00000000f9200000,0x00000000f9200000,0x00000000fa880000)
  to   space 12288K, 0% used [0x00000000f7600000,0x00000000f7600000,0x00000000f8200000)
 ParOldGen       total 349696K, used 349691K [0x00000000e0000000, 0x00000000f5580000, 0x00000000f5580000)
  object space 349696K, 99% used [0x00000000e0000000,0x00000000f557eea0,0x00000000f5580000)
 Metaspace       used 55975K, committed 56768K, reserved 1105920K
  class space    used 5526K, committed 5824K, reserved 1048576K
}
Event: 1307.489 GC heap before
{Heap before GC invocations=937 (full 824):
 PSYoungGen      total 56320K, used 33280K [0x00000000f5580000, 0x00000000fa880000, 0x0000000100000000)
  eden space 33280K, 100% used [0x00000000f5580000,0x00000000f7600000,0x00000000f7600000)
  from space 23040K, 0% used [0x00000000f9200000,0x00000000f9200000,0x00000000fa880000)
  to   space 12288K, 0% used [0x00000000f7600000,0x00000000f7600000,0x00000000f8200000)
 ParOldGen       total 349696K, used 349691K [0x00000000e0000000, 0x00000000f5580000, 0x00000000f5580000)
  object space 349696K, 99% used [0x00000000e0000000,0x00000000f557eea0,0x00000000f5580000)
 Metaspace       used 55975K, committed 56768K, reserved 1105920K
  class space    used 5526K, committed 5824K, reserved 1048576K
}
Event: 1308.922 GC heap after
{Heap after GC invocations=937 (full 824):
 PSYoungGen      total 45568K, used 33279K [0x00000000f5580000, 0x00000000fa880000, 0x0000000100000000)
  eden space 33280K, 99% used [0x00000000f5580000,0x00000000f75fffe0,0x00000000f7600000)
  from space 12288K, 0% used [0x00000000f7600000,0x00000000f7600000,0x00000000f8200000)
  to   space 23040K, 0% used [0x00000000f9200000,0x00000000f9200000,0x00000000fa880000)
 ParOldGen       total 349696K, used 349691K [0x00000000e0000000, 0x00000000f5580000, 0x00000000f5580000)
  object space 349696K, 99% used [0x00000000e0000000,0x00000000f557eea0,0x00000000f5580000)
 Metaspace       used 55975K, committed 56768K, reserved 1105920K
  class space    used 5526K, committed 5824K, reserved 1048576K
}
Event: 1308.923 GC heap before
{Heap before GC invocations=938 (full 825):
 PSYoungGen      total 45568K, used 33279K [0x00000000f5580000, 0x00000000fa880000, 0x0000000100000000)
  eden space 33280K, 99% used [0x00000000f5580000,0x00000000f75ffff8,0x00000000f7600000)
  from space 12288K, 0% used [0x00000000f7600000,0x00000000f7600000,0x00000000f8200000)
  to   space 23040K, 0% used [0x00000000f9200000,0x00000000f9200000,0x00000000fa880000)
 ParOldGen       total 349696K, used 349691K [0x00000000e0000000, 0x00000000f5580000, 0x00000000f5580000)
  object space 349696K, 99% used [0x00000000e0000000,0x00000000f557eea0,0x00000000f5580000)
 Metaspace       used 55975K, committed 56768K, reserved 1105920K
  class space    used 5526K, committed 5824K, reserved 1048576K
}
Event: 1310.202 GC heap after
{Heap after GC invocations=938 (full 825):
 PSYoungGen      total 56320K, used 33279K [0x00000000f5580000, 0x00000000fa880000, 0x0000000100000000)
  eden space 33280K, 99% used [0x00000000f5580000,0x00000000f75ffff8,0x00000000f7600000)
  from space 23040K, 0% used [0x00000000f9200000,0x00000000f9200000,0x00000000fa880000)
  to   space 12288K, 0% used [0x00000000f7600000,0x00000000f7600000,0x00000000f8200000)
 ParOldGen       total 349696K, used 349691K [0x00000000e0000000, 0x00000000f5580000, 0x00000000f5580000)
  object space 349696K, 99% used [0x00000000e0000000,0x00000000f557eea0,0x00000000f5580000)
 Metaspace       used 55975K, committed 56768K, reserved 1105920K
  class space    used 5526K, committed 5824K, reserved 1048576K
}
Event: 1310.202 GC heap before
{Heap before GC invocations=939 (full 826):
 PSYoungGen      total 56320K, used 33279K [0x00000000f5580000, 0x00000000fa880000, 0x0000000100000000)
  eden space 33280K, 99% used [0x00000000f5580000,0x00000000f75ffff8,0x00000000f7600000)
  from space 23040K, 0% used [0x00000000f9200000,0x00000000f9200000,0x00000000fa880000)
  to   space 12288K, 0% used [0x00000000f7600000,0x00000000f7600000,0x00000000f8200000)
 ParOldGen       total 349696K, used 349693K [0x00000000e0000000, 0x00000000f5580000, 0x00000000f5580000)
  object space 349696K, 99% used [0x00000000e0000000,0x00000000f557f740,0x00000000f5580000)
 Metaspace       used 55975K, committed 56768K, reserved 1105920K
  class space    used 5526K, committed 5824K, reserved 1048576K
}
Event: 1311.623 GC heap after
{Heap after GC invocations=939 (full 826):
 PSYoungGen      total 45568K, used 33279K [0x00000000f5580000, 0x00000000fa880000, 0x0000000100000000)
  eden space 33280K, 99% used [0x00000000f5580000,0x00000000f75fffb0,0x00000000f7600000)
  from space 12288K, 0% used [0x00000000f7600000,0x00000000f7600000,0x00000000f8200000)
  to   space 23040K, 0% used [0x00000000f9200000,0x00000000f9200000,0x00000000fa880000)
 ParOldGen       total 349696K, used 349693K [0x00000000e0000000, 0x00000000f5580000, 0x00000000f5580000)
  object space 349696K, 99% used [0x00000000e0000000,0x00000000f557f5b8,0x00000000f5580000)
 Metaspace       used 55975K, committed 56768K, reserved 1105920K
  class space    used 5526K, committed 5824K, reserved 1048576K
}
Event: 1311.628 GC heap before
{Heap before GC invocations=940 (full 827):
 PSYoungGen      total 45568K, used 33280K [0x00000000f5580000, 0x00000000fa880000, 0x0000000100000000)
  eden space 33280K, 100% used [0x00000000f5580000,0x00000000f7600000,0x00000000f7600000)
  from space 12288K, 0% used [0x00000000f7600000,0x00000000f7600000,0x00000000f8200000)
  to   space 23040K, 0% used [0x00000000f9200000,0x00000000f9200000,0x00000000fa880000)
 ParOldGen       total 349696K, used 349693K [0x00000000e0000000, 0x00000000f5580000, 0x00000000f5580000)
  object space 349696K, 99% used [0x00000000e0000000,0x00000000f557f5b8,0x00000000f5580000)
 Metaspace       used 55975K, committed 56768K, reserved 1105920K
  class space    used 5526K, committed 5824K, reserved 1048576K
}
Event: 1313.596 GC heap after
{Heap after GC invocations=940 (full 827):
 PSYoungGen      total 56320K, used 33279K [0x00000000f5580000, 0x00000000fa880000, 0x0000000100000000)
  eden space 33280K, 99% used [0x00000000f5580000,0x00000000f75fffd0,0x00000000f7600000)
  from space 23040K, 0% used [0x00000000f9200000,0x00000000f9200000,0x00000000fa880000)
  to   space 12288K, 0% used [0x00000000f7600000,0x00000000f7600000,0x00000000f8200000)
 ParOldGen       total 349696K, used 349693K [0x00000000e0000000, 0x00000000f5580000, 0x00000000f5580000)
  object space 349696K, 99% used [0x00000000e0000000,0x00000000f557f598,0x00000000f5580000)
 Metaspace       used 55975K, committed 56768K, reserved 1105920K
  class space    used 5526K, committed 5824K, reserved 1048576K
}
Event: 1313.596 GC heap before
{Heap before GC invocations=941 (full 828):
 PSYoungGen      total 56320K, used 33280K [0x00000000f5580000, 0x00000000fa880000, 0x0000000100000000)
  eden space 33280K, 100% used [0x00000000f5580000,0x00000000f7600000,0x00000000f7600000)
  from space 23040K, 0% used [0x00000000f9200000,0x00000000f9200000,0x00000000fa880000)
  to   space 12288K, 0% used [0x00000000f7600000,0x00000000f7600000,0x00000000f8200000)
 ParOldGen       total 349696K, used 349693K [0x00000000e0000000, 0x00000000f5580000, 0x00000000f5580000)
  object space 349696K, 99% used [0x00000000e0000000,0x00000000f557f598,0x00000000f5580000)
 Metaspace       used 55975K, committed 56768K, reserved 1105920K
  class space    used 5526K, committed 5824K, reserved 1048576K
}
Event: 1315.056 GC heap after
{Heap after GC invocations=941 (full 828):
 PSYoungGen      total 45568K, used 33279K [0x00000000f5580000, 0x00000000fa880000, 0x0000000100000000)
  eden space 33280K, 99% used [0x00000000f5580000,0x00000000f75fffd0,0x00000000f7600000)
  from space 12288K, 0% used [0x00000000f7600000,0x00000000f7600000,0x00000000f8200000)
  to   space 23040K, 0% used [0x00000000f9200000,0x00000000f9200000,0x00000000fa880000)
 ParOldGen       total 349696K, used 349693K [0x00000000e0000000, 0x00000000f5580000, 0x00000000f5580000)
  object space 349696K, 99% used [0x00000000e0000000,0x00000000f557f598,0x00000000f5580000)
 Metaspace       used 55975K, committed 56768K, reserved 1105920K
  class space    used 5526K, committed 5824K, reserved 1048576K
}
Event: 1315.056 GC heap before
{Heap before GC invocations=942 (full 829):
 PSYoungGen      total 45568K, used 33280K [0x00000000f5580000, 0x00000000fa880000, 0x0000000100000000)
  eden space 33280K, 100% used [0x00000000f5580000,0x00000000f7600000,0x00000000f7600000)
  from space 12288K, 0% used [0x00000000f7600000,0x00000000f7600000,0x00000000f8200000)
  to   space 23040K, 0% used [0x00000000f9200000,0x00000000f9200000,0x00000000fa880000)
 ParOldGen       total 349696K, used 349693K [0x00000000e0000000, 0x00000000f5580000, 0x00000000f5580000)
  object space 349696K, 99% used [0x00000000e0000000,0x00000000f557f598,0x00000000f5580000)
 Metaspace       used 55975K, committed 56768K, reserved 1105920K
  class space    used 5526K, committed 5824K, reserved 1048576K
}
Event: 1316.760 GC heap after
{Heap after GC invocations=942 (full 829):
 PSYoungGen      total 56320K, used 33279K [0x00000000f5580000, 0x00000000fa880000, 0x0000000100000000)
  eden space 33280K, 99% used [0x00000000f5580000,0x00000000f75fffd0,0x00000000f7600000)
  from space 23040K, 0% used [0x00000000f9200000,0x00000000f9200000,0x00000000fa880000)
  to   space 12288K, 0% used [0x00000000f7600000,0x00000000f7600000,0x00000000f8200000)
 ParOldGen       total 349696K, used 349693K [0x00000000e0000000, 0x00000000f5580000, 0x00000000f5580000)
  object space 349696K, 99% used [0x00000000e0000000,0x00000000f557f578,0x00000000f5580000)
 Metaspace       used 55975K, committed 56768K, reserved 1105920K
  class space    used 5526K, committed 5824K, reserved 1048576K
}
Event: 1316.764 GC heap before
{Heap before GC invocations=943 (full 830):
 PSYoungGen      total 56320K, used 33279K [0x00000000f5580000, 0x00000000fa880000, 0x0000000100000000)
  eden space 33280K, 99% used [0x00000000f5580000,0x00000000f75ffff0,0x00000000f7600000)
  from space 23040K, 0% used [0x00000000f9200000,0x00000000f9200000,0x00000000fa880000)
  to   space 12288K, 0% used [0x00000000f7600000,0x00000000f7600000,0x00000000f8200000)
 ParOldGen       total 349696K, used 349693K [0x00000000e0000000, 0x00000000f5580000, 0x00000000f5580000)
  object space 349696K, 99% used [0x00000000e0000000,0x00000000f557f578,0x00000000f5580000)
 Metaspace       used 55975K, committed 56768K, reserved 1105920K
  class space    used 5526K, committed 5824K, reserved 1048576K
}
Event: 1318.124 GC heap after
{Heap after GC invocations=943 (full 830):
 PSYoungGen      total 45568K, used 33279K [0x00000000f5580000, 0x00000000fa880000, 0x0000000100000000)
  eden space 33280K, 99% used [0x00000000f5580000,0x00000000f75fffd0,0x00000000f7600000)
  from space 12288K, 0% used [0x00000000f7600000,0x00000000f7600000,0x00000000f8200000)
  to   space 23040K, 0% used [0x00000000f9200000,0x00000000f9200000,0x00000000fa880000)
 ParOldGen       total 349696K, used 349693K [0x00000000e0000000, 0x00000000f5580000, 0x00000000f5580000)
  object space 349696K, 99% used [0x00000000e0000000,0x00000000f557f578,0x00000000f5580000)
 Metaspace       used 55975K, committed 56768K, reserved 1105920K
  class space    used 5526K, committed 5824K, reserved 1048576K
}
Event: 1318.125 GC heap before
{Heap before GC invocations=944 (full 831):
 PSYoungGen      total 45568K, used 33279K [0x00000000f5580000, 0x00000000fa880000, 0x0000000100000000)
  eden space 33280K, 99% used [0x00000000f5580000,0x00000000f75ffff8,0x00000000f7600000)
  from space 12288K, 0% used [0x00000000f7600000,0x00000000f7600000,0x00000000f8200000)
  to   space 23040K, 0% used [0x00000000f9200000,0x00000000f9200000,0x00000000fa880000)
 ParOldGen       total 349696K, used 349693K [0x00000000e0000000, 0x00000000f5580000, 0x00000000f5580000)
  object space 349696K, 99% used [0x00000000e0000000,0x00000000f557f708,0x00000000f5580000)
 Metaspace       used 55975K, committed 56768K, reserved 1105920K
  class space    used 5526K, committed 5824K, reserved 1048576K
}
Event: 1319.582 GC heap after
{Heap after GC invocations=944 (full 831):
 PSYoungGen      total 56320K, used 33279K [0x00000000f5580000, 0x00000000fa880000, 0x0000000100000000)
  eden space 33280K, 99% used [0x00000000f5580000,0x00000000f75fffe8,0x00000000f7600000)
  from space 23040K, 0% used [0x00000000f9200000,0x00000000f9200000,0x00000000fa880000)
  to   space 12288K, 0% used [0x00000000f7600000,0x00000000f7600000,0x00000000f8200000)
 ParOldGen       total 349696K, used 349693K [0x00000000e0000000, 0x00000000f5580000, 0x00000000f5580000)
  object space 349696K, 99% used [0x00000000e0000000,0x00000000f557f6c8,0x00000000f5580000)
 Metaspace       used 55975K, committed 56768K, reserved 1105920K
  class space    used 5526K, committed 5824K, reserved 1048576K
}
Event: 1319.583 GC heap before
{Heap before GC invocations=945 (full 832):
 PSYoungGen      total 56320K, used 33279K [0x00000000f5580000, 0x00000000fa880000, 0x0000000100000000)
  eden space 33280K, 99% used [0x00000000f5580000,0x00000000f75fffe8,0x00000000f7600000)
  from space 23040K, 0% used [0x00000000f9200000,0x00000000f9200000,0x00000000fa880000)
  to   space 12288K, 0% used [0x00000000f7600000,0x00000000f7600000,0x00000000f8200000)
 ParOldGen       total 349696K, used 349693K [0x00000000e0000000, 0x00000000f5580000, 0x00000000f5580000)
  object space 349696K, 99% used [0x00000000e0000000,0x00000000f557f6c8,0x00000000f5580000)
 Metaspace       used 55975K, committed 56768K, reserved 1105920K
  class space    used 5526K, committed 5824K, reserved 1048576K
}
Event: 1321.126 GC heap after
{Heap after GC invocations=945 (full 832):
 PSYoungGen      total 45568K, used 33279K [0x00000000f5580000, 0x00000000fa880000, 0x0000000100000000)
  eden space 33280K, 99% used [0x00000000f5580000,0x00000000f75fffe8,0x00000000f7600000)
  from space 12288K, 0% used [0x00000000f7600000,0x00000000f7600000,0x00000000f8200000)
  to   space 23040K, 0% used [0x00000000f9200000,0x00000000f9200000,0x00000000fa880000)
 ParOldGen       total 349696K, used 349693K [0x00000000e0000000, 0x00000000f5580000, 0x00000000f5580000)
  object space 349696K, 99% used [0x00000000e0000000,0x00000000f557f6c8,0x00000000f5580000)
 Metaspace       used 55975K, committed 56768K, reserved 1105920K
  class space    used 5526K, committed 5824K, reserved 1048576K
}

Dll operation events (9 events):
Event: 0.002 Loaded shared library /nix/store/gpxl5qgg8kicmcvivwmybwjlpf7wh20l-graalvm17-ce-22.3.0/lib/libjava.so
Event: 0.006 Loaded shared library /nix/store/gpxl5qgg8kicmcvivwmybwjlpf7wh20l-graalvm17-ce-22.3.0/lib/libjsvml.so
Event: 0.185 Loaded shared library /nix/store/gpxl5qgg8kicmcvivwmybwjlpf7wh20l-graalvm17-ce-22.3.0/lib/libnio.so
Event: 0.188 Loaded shared library /nix/store/gpxl5qgg8kicmcvivwmybwjlpf7wh20l-graalvm17-ce-22.3.0/lib/libzip.so
Event: 0.190 Loaded shared library /nix/store/gpxl5qgg8kicmcvivwmybwjlpf7wh20l-graalvm17-ce-22.3.0/lib/libjvmcicompiler.so
Event: 0.576 Loaded shared library /nix/store/gpxl5qgg8kicmcvivwmybwjlpf7wh20l-graalvm17-ce-22.3.0/lib/libjimage.so
Event: 1.083 Loaded shared library /nix/store/gpxl5qgg8kicmcvivwmybwjlpf7wh20l-graalvm17-ce-22.3.0/lib/libnet.so
Event: 4.290 Loaded shared library /home/runner/.cache/jdt-language-server/config/org.eclipse.equinox.launcher/org.eclipse.equinox.launcher.gtk.linux.x86_64_1.2.400.v20211117-0650/eclipse_11600.so
Event: 11.563 Loaded shared library /nix/store/gpxl5qgg8kicmcvivwmybwjlpf7wh20l-graalvm17-ce-22.3.0/lib/libextnet.so

Deoptimization events (20 events):
Event: 61.867 Thread 0x00007fb768490b20 DEOPT PACKING pc=0x00007fb7b7cbf15d sp=0x00007fb77e5fe530
Event: 61.867 Thread 0x00007fb768490b20 DEOPT UNPACKING pc=0x00007fb7b7505325 sp=0x00007fb77e5fda20 mode 0
Event: 61.870 Thread 0x00007fb768490b20 DEOPT PACKING pc=0x00007fb7b7cbf15d sp=0x00007fb77e5fe530
Event: 61.870 Thread 0x00007fb768490b20 DEOPT UNPACKING pc=0x00007fb7b7505325 sp=0x00007fb77e5fda20 mode 0
Event: 65.681 Thread 0x00007fb7d0521620 Uncommon trap: trap_request=0xffffffed fr.pc=0x00007fb7bf16e640 relative=0x00000000000009a0
Event: 65.681 Thread 0x00007fb7d0521620 Uncommon trap: reason=null_assert_or_unreached0 action=reinterpret pc=0x00007fb7bf16e640 method=org.eclipse.jdt.internal.core.JavaModelManager.removeInfoAndChildren(Lorg/eclipse/jdt/internal/core/JavaElement;)Ljava/lang/Object; @ 8 jvmci
Event: 65.681 Thread 0x00007fb7d0521620 DEOPT PACKING pc=0x00007fb7bf16e640 sp=0x00007fb77dffd4c0
Event: 65.681 Thread 0x00007fb7d0521620 DEOPT UNPACKING pc=0x00007fb7b7505325 sp=0x00007fb77dffc900 mode 3
Event: 65.684 Thread 0x00007fb7d0521620 Uncommon trap: trap_request=0xffffffed fr.pc=0x00007fb7bf0fbf53 relative=0x0000000000000973
Event: 65.684 Thread 0x00007fb7d0521620 Uncommon trap: reason=null_assert_or_unreached0 action=reinterpret pc=0x00007fb7bf0fbf53 method=java.util.WeakHashMap.expungeStaleEntries()V @ 19 jvmci
Event: 65.684 Thread 0x00007fb7d0521620 DEOPT PACKING pc=0x00007fb7bf0fbf53 sp=0x00007fb77dffca20
Event: 65.684 Thread 0x00007fb7d0521620 DEOPT UNPACKING pc=0x00007fb7b7505325 sp=0x00007fb77dffbe90 mode 3
Event: 66.569 Thread 0x00007fb74c000ff0 DEOPT PACKING pc=0x00007fb7b7c9ead9 sp=0x00007fb7b46fd210
Event: 66.569 Thread 0x00007fb74c000ff0 DEOPT UNPACKING pc=0x00007fb7b7505325 sp=0x00007fb7b46fc740 mode 0
Event: 66.661 Thread 0x00007fb74c000ff0 DEOPT PACKING pc=0x00007fb7b806fbc9 sp=0x00007fb7b46fd130
Event: 66.661 Thread 0x00007fb74c000ff0 DEOPT UNPACKING pc=0x00007fb7b7505325 sp=0x00007fb7b46fc648 mode 0
Event: 389.067 Thread 0x00007fb7d0521620 Uncommon trap: trap_request=0xffffffed fr.pc=0x00007fb7bf0f9a8b relative=0x00000000000015cb
Event: 389.067 Thread 0x00007fb7d0521620 Uncommon trap: reason=null_assert_or_unreached0 action=reinterpret pc=0x00007fb7bf0f9a8b method=org.eclipse.jdt.internal.compiler.parser.Scanner.internalScanIdentifierOrKeyword(II[C)I @ 0 jvmci
Event: 389.067 Thread 0x00007fb7d0521620 DEOPT PACKING pc=0x00007fb7bf0f9a8b sp=0x00007fb77dffcda0
Event: 389.067 Thread 0x00007fb7d0521620 DEOPT UNPACKING pc=0x00007fb7b7505325 sp=0x00007fb77dffc230 mode 3

Classes unloaded (20 events):
Event: 112.617 Thread 0x00007fb7d00a1bf0 Unloading class 0x0000000800ee4000 'jdk/internal/reflect/GeneratedConstructorAccessor8'
Event: 112.617 Thread 0x00007fb7d00a1bf0 Unloading class 0x0000000800d99000 'java/lang/invoke/LambdaForm$MH+0x0000000800d99000'
Event: 112.617 Thread 0x00007fb7d00a1bf0 Unloading class 0x0000000800d98c00 'java/lang/invoke/LambdaForm$MH+0x0000000800d98c00'
Event: 112.617 Thread 0x00007fb7d00a1bf0 Unloading class 0x0000000800d98800 'java/lang/invoke/LambdaForm$MH+0x0000000800d98800'
Event: 112.617 Thread 0x00007fb7d00a1bf0 Unloading class 0x0000000800d98400 'java/lang/invoke/LambdaForm$MH+0x0000000800d98400'
Event: 112.617 Thread 0x00007fb7d00a1bf0 Unloading class 0x0000000800d98000 'jdk/internal/reflect/GeneratedConstructorAccessor3'
Event: 112.617 Thread 0x00007fb7d00a1bf0 Unloading class 0x0000000800d06800 'java/lang/invoke/LambdaForm$MH+0x0000000800d06800'
Event: 112.617 Thread 0x00007fb7d00a1bf0 Unloading class 0x0000000800d06000 'java/lang/invoke/LambdaForm$MH+0x0000000800d06000'
Event: 112.617 Thread 0x00007fb7d00a1bf0 Unloading class 0x0000000800d05c00 'java/lang/invoke/LambdaForm$MH+0x0000000800d05c00'
Event: 112.617 Thread 0x00007fb7d00a1bf0 Unloading class 0x0000000800d05800 'java/lang/invoke/LambdaForm$MH+0x0000000800d05800'
Event: 112.617 Thread 0x00007fb7d00a1bf0 Unloading class 0x0000000800d05000 'java/lang/invoke/LambdaForm$MH+0x0000000800d05000'
Event: 112.617 Thread 0x00007fb7d00a1bf0 Unloading class 0x0000000800d04c00 'java/lang/invoke/LambdaForm$MH+0x0000000800d04c00'
Event: 112.617 Thread 0x00007fb7d00a1bf0 Unloading class 0x0000000800d04800 'java/lang/invoke/LambdaForm$MH+0x0000000800d04800'
Event: 112.617 Thread 0x00007fb7d00a1bf0 Unloading class 0x0000000800d04000 'java/lang/invoke/LambdaForm$MH+0x0000000800d04000'
Event: 112.617 Thread 0x00007fb7d00a1bf0 Unloading class 0x0000000800c1d000 'jdk/internal/reflect/GeneratedMethodAccessor5'
Event: 112.617 Thread 0x00007fb7d00a1bf0 Unloading class 0x0000000800c1cc00 'jdk/internal/reflect/GeneratedMethodAccessor4'
Event: 112.617 Thread 0x00007fb7d00a1bf0 Unloading class 0x0000000800c1c800 'jdk/internal/reflect/GeneratedMethodAccessor3'
Event: 112.617 Thread 0x00007fb7d00a1bf0 Unloading class 0x0000000800c1c400 'jdk/internal/reflect/GeneratedMethodAccessor2'
Event: 112.617 Thread 0x00007fb7d00a1bf0 Unloading class 0x0000000800c1c000 'jdk/internal/reflect/GeneratedMethodAccessor1'
Event: 112.617 Thread 0x00007fb7d00a1bf0 Unloading class 0x0000000800c01c00 'java/lang/invoke/LambdaForm$DMH+0x0000000800c01c00'

Classes redefined (0 events):
No events

Internal exceptions (20 events):
Event: 66.568 Thread 0x00007fb74c000ff0 Exception <a 'sun/nio/fs/UnixException'{0x00000000f73082a0}> (0x00000000f73082a0) 
thrown [src/hotspot/share/prims/jni.cpp, line 516]
Event: 66.569 Thread 0x00007fb74c000ff0 Exception <a 'sun/nio/fs/UnixException'{0x00000000f730e270}> (0x00000000f730e270) 
thrown [src/hotspot/share/prims/jni.cpp, line 516]
Event: 66.569 Thread 0x00007fb74c000ff0 Exception <a 'sun/nio/fs/UnixException'{0x00000000f7310f68}> (0x00000000f7310f68) 
thrown [src/hotspot/share/prims/jni.cpp, line 516]
Event: 66.569 Thread 0x00007fb74c000ff0 Exception <a 'sun/nio/fs/UnixException'{0x00000000f7313f68}> (0x00000000f7313f68) 
thrown [src/hotspot/share/prims/jni.cpp, line 516]
Event: 66.570 Thread 0x00007fb74c000ff0 Exception <a 'sun/nio/fs/UnixException'{0x00000000f7319ef8}> (0x00000000f7319ef8) 
thrown [src/hotspot/share/prims/jni.cpp, line 516]
Event: 66.570 Thread 0x00007fb74c000ff0 Exception <a 'sun/nio/fs/UnixException'{0x00000000f731d348}> (0x00000000f731d348) 
thrown [src/hotspot/share/prims/jni.cpp, line 516]
Event: 66.570 Thread 0x00007fb74c000ff0 Exception <a 'sun/nio/fs/UnixException'{0x00000000f731dec8}> (0x00000000f731dec8) 
thrown [src/hotspot/share/prims/jni.cpp, line 516]
Event: 66.571 Thread 0x00007fb74c000ff0 Exception <a 'sun/nio/fs/UnixException'{0x00000000f7326148}> (0x00000000f7326148) 
thrown [src/hotspot/share/prims/jni.cpp, line 516]
Event: 66.571 Thread 0x00007fb74c000ff0 Exception <a 'sun/nio/fs/UnixException'{0x00000000f73295c0}> (0x00000000f73295c0) 
thrown [src/hotspot/share/prims/jni.cpp, line 516]
Event: 66.571 Thread 0x00007fb74c000ff0 Exception <a 'sun/nio/fs/UnixException'{0x00000000f732a130}> (0x00000000f732a130) 
thrown [src/hotspot/share/prims/jni.cpp, line 516]
Event: 66.660 Thread 0x00007fb74c000ff0 Exception <a 'sun/nio/fs/UnixException'{0x00000000f732faa8}> (0x00000000f732faa8) 
thrown [src/hotspot/share/prims/jni.cpp, line 516]
Event: 66.661 Thread 0x00007fb74c000ff0 Exception <a 'sun/nio/fs/UnixException'{0x00000000f73355e0}> (0x00000000f73355e0) 
thrown [src/hotspot/share/prims/jni.cpp, line 516]
Event: 66.661 Thread 0x00007fb74c000ff0 Exception <a 'sun/nio/fs/UnixException'{0x00000000f73388b0}> (0x00000000f73388b0) 
thrown [src/hotspot/share/prims/jni.cpp, line 516]
Event: 66.661 Thread 0x00007fb74c000ff0 Exception <a 'sun/nio/fs/UnixException'{0x00000000f7339410}> (0x00000000f7339410) 
thrown [src/hotspot/share/prims/jni.cpp, line 516]
Event: 66.667 Thread 0x00007fb74c000ff0 Exception <a 'sun/nio/fs/UnixException'{0x00000000f73415b8}> (0x00000000f73415b8) 
thrown [src/hotspot/share/prims/jni.cpp, line 516]
Event: 66.668 Thread 0x00007fb74c000ff0 Exception <a 'sun/nio/fs/UnixException'{0x00000000f7344a98}> (0x00000000f7344a98) 
thrown [src/hotspot/share/prims/jni.cpp, line 516]
Event: 66.668 Thread 0x00007fb74c000ff0 Exception <a 'sun/nio/fs/UnixException'{0x00000000f7345628}> (0x00000000f7345628) 
thrown [src/hotspot/share/prims/jni.cpp, line 516]
Event: 66.669 Thread 0x00007fb74c000ff0 Exception <a 'sun/nio/fs/UnixException'{0x00000000f734c2a8}> (0x00000000f734c2a8) 
thrown [src/hotspot/share/prims/jni.cpp, line 516]
Event: 66.774 Thread 0x00007fb74c000ff0 Exception <a 'sun/nio/fs/UnixException'{0x00000000f7397ab0}> (0x00000000f7397ab0) 
thrown [src/hotspot/share/prims/jni.cpp, line 516]
Event: 1321.126 Thread 0x00007fb7d00b21b0 Exception <a 'java/lang/OutOfMemoryError'{0x00000000e0004020}> (0x00000000e0004020) 
thrown [src/hotspot/share/gc/shared/memAllocator.cpp, line 136]

VM Operations (20 events):
Event: 1304.717 Executing VM operation: ParallelGCFailedAllocation
Event: 1306.098 Executing VM operation: ParallelGCFailedAllocation done
Event: 1306.098 Executing VM operation: ParallelGCFailedAllocation
Event: 1307.489 Executing VM operation: ParallelGCFailedAllocation done
Event: 1307.489 Executing VM operation: ParallelGCFailedAllocation
Event: 1308.922 Executing VM operation: ParallelGCFailedAllocation done
Event: 1308.922 Executing VM operation: ParallelGCFailedAllocation
Event: 1310.202 Executing VM operation: ParallelGCFailedAllocation done
Event: 1310.202 Executing VM operation: ParallelGCFailedAllocation
Event: 1311.623 Executing VM operation: ParallelGCFailedAllocation done
Event: 1311.623 Executing VM operation: ParallelGCFailedAllocation
Event: 1313.596 Executing VM operation: ParallelGCFailedAllocation done
Event: 1313.596 Executing VM operation: ParallelGCFailedAllocation
Event: 1315.056 Executing VM operation: ParallelGCFailedAllocation done
Event: 1315.056 Executing VM operation: ParallelGCFailedAllocation
Event: 1316.760 Executing VM operation: ParallelGCFailedAllocation done
Event: 1316.761 Executing VM operation: ParallelGCFailedAllocation
Event: 1318.124 Executing VM operation: ParallelGCFailedAllocation done
Event: 1318.125 Executing VM operation: ParallelGCFailedAllocation
Event: 1321.126 Executing VM operation: ParallelGCFailedAllocation done

Events (20 events):
Event: 54.373 Thread 0x00007fb74011b620 Thread added: 0x00007fb74011b620
Event: 54.373 Protecting memory [0x00007fb77d700000,0x00007fb77d704000] with protection modes 0
Event: 55.075 Thread 0x00007fb74011b620 Thread exited: 0x00007fb74011b620
Event: 61.311 Thread 0x00007fb7d0256d70 Thread exited: 0x00007fb7d0256d70
Event: 66.261 Thread 0x00007fb73c0da8a0 Thread added: 0x00007fb73c0da8a0
Event: 66.261 Protecting memory [0x00007fb77d700000,0x00007fb77d704000] with protection modes 0
Event: 66.263 Thread 0x00007fb73c0da8a0 Thread exited: 0x00007fb73c0da8a0
Event: 66.675 Thread 0x00007fb73c0daa20 Thread added: 0x00007fb73c0daa20
Event: 66.675 Protecting memory [0x00007fb77d700000,0x00007fb77d704000] with protection modes 0
Event: 66.773 Thread 0x00007fb73c0daa20 Thread exited: 0x00007fb73c0daa20
Event: 146.682 Thread 0x00007fb7340b08e0 Thread exited: 0x00007fb7340b08e0
Event: 146.682 Thread 0x00007fb74c000ff0 Thread exited: 0x00007fb74c000ff0
Event: 151.435 Thread 0x00007fb73c001130 Thread exited: 0x00007fb73c001130
Event: 437.187 Thread 0x00007fb75800eba0 Thread added: 0x00007fb75800eba0
Event: 437.187 Protecting memory [0x00007fb77dd00000,0x00007fb77dd04000] with protection modes 0
Event: 451.426 Thread 0x00007fb7402851e0 Thread added: 0x00007fb7402851e0
Event: 451.426 Protecting memory [0x00007fb7b4600000,0x00007fb7b4604000] with protection modes 0
Event: 898.971 Thread 0x00007fb75800f3b0 Thread added: 0x00007fb75800f3b0
Event: 898.971 Protecting memory [0x00007fb77ec00000,0x00007fb77ec04000] with protection modes 0
Event: 906.759 Thread 0x00007fb75800f3b0 Thread exited: 0x00007fb75800f3b0


Dynamic libraries:
e0000000-f5580000 rw-p 00000000 00:00 0 
f5580000-fa880000 rw-p 00000000 00:00 0 
fa880000-100000000 ---p 00000000 00:00 0 
800000000-800449000 rw-p 00001000 00:1836 9223372037562745673            /nix/store/gpxl5qgg8kicmcvivwmybwjlpf7wh20l-graalvm17-ce-22.3.0/lib/server/classes.jsa
800449000-800bc8000 r--p 0044a000 00:1836 9223372037562745673            /nix/store/gpxl5qgg8kicmcvivwmybwjlpf7wh20l-graalvm17-ce-22.3.0/lib/server/classes.jsa
800bc8000-800c00000 ---p 00000000 00:00 0 
800c00000-800c20000 rw-p 00000000 00:00 0 
800c20000-800c40000 rw-p 00000000 00:00 0 
800c40000-800cc0000 rw-p 00000000 00:00 0 
800cc0000-800d00000 rw-p 00000000 00:00 0 
800d00000-800dc0000 rw-p 00000000 00:00 0 
800dc0000-800e00000 rw-p 00000000 00:00 0 
800e00000-800f40000 rw-p 00000000 00:00 0 
800f40000-800fc0000 rw-p 00000000 00:00 0 
800fc0000-800ff0000 rw-p 00000000 00:00 0 
800ff0000-801000000 ---p 00000000 00:00 0 
801000000-8011c0000 rw-p 00000000 00:00 0 
8011c0000-840c00000 ---p 00000000 00:00 0 
558381703000-558381704000 r-xp 00000000 00:1836 9223372037526805748      /nix/store/gpxl5qgg8kicmcvivwmybwjlpf7wh20l-graalvm17-ce-22.3.0/bin/.java-wrapped
558381705000-558381706000 r--p 00001000 00:1836 9223372037526805748      /nix/store/gpxl5qgg8kicmcvivwmybwjlpf7wh20l-graalvm17-ce-22.3.0/bin/.java-wrapped
558381706000-558381707000 rw-p 00002000 00:1836 9223372037526805748      /nix/store/gpxl5qgg8kicmcvivwmybwjlpf7wh20l-graalvm17-ce-22.3.0/bin/.java-wrapped
558381707000-558381708000 rw-p 00004000 00:1836 9223372037526805748      /nix/store/gpxl5qgg8kicmcvivwmybwjlpf7wh20l-graalvm17-ce-22.3.0/bin/.java-wrapped
558381708000-558381709000 rw-p 00005000 00:1836 9223372037526805748      /nix/store/gpxl5qgg8kicmcvivwmybwjlpf7wh20l-graalvm17-ce-22.3.0/bin/.java-wrapped
558382c17000-558382c5f000 rw-p 00000000 00:00 0                          [heap]
7fb71c000000-7fb71c067000 rw-p 00000000 00:00 0 
7fb71c067000-7fb720000000 ---p 00000000 00:00 0 
7fb720000000-7fb720021000 rw-p 00000000 00:00 0 
7fb720021000-7fb724000000 ---p 00000000 00:00 0 
7fb724000000-7fb7241ae000 rw-p 00000000 00:00 0 
7fb7241ae000-7fb728000000 ---p 00000000 00:00 0 
7fb729400000-7fb729610000 rw-p 00000000 00:00 0 
7fb729610000-7fb729c00000 ---p 00000000 00:00 0 
7fb72a4b3000-7fb734000000 r--s 00000000 00:1836 9223372037562580485      /nix/store/gpxl5qgg8kicmcvivwmybwjlpf7wh20l-graalvm17-ce-22.3.0/lib/modules
7fb734000000-7fb7340d6000 rw-p 00000000 00:00 0 
7fb7340d6000-7fb738000000 ---p 00000000 00:00 0 
7fb738000000-7fb738021000 rw-p 00000000 00:00 0 
7fb738021000-7fb73c000000 ---p 00000000 00:00 0 
7fb73c000000-7fb73c110000 rw-p 00000000 00:00 0 
7fb73c110000-7fb740000000 ---p 00000000 00:00 0 
7fb740000000-7fb74029c000 rw-p 00000000 00:00 0 
7fb74029c000-7fb744000000 ---p 00000000 00:00 0 
7fb744000000-7fb744021000 rw-p 00000000 00:00 0 
7fb744021000-7fb748000000 ---p 00000000 00:00 0 
7fb748000000-7fb748021000 rw-p 00000000 00:00 0 
7fb748021000-7fb74c000000 ---p 00000000 00:00 0 
7fb74c000000-7fb74c36b000 rw-p 00000000 00:00 0 
7fb74c36b000-7fb750000000 ---p 00000000 00:00 0 
7fb750000000-7fb750063000 rw-p 00000000 00:00 0 
7fb750063000-7fb754000000 ---p 00000000 00:00 0 
7fb754000000-7fb754021000 rw-p 00000000 00:00 0 
7fb754021000-7fb758000000 ---p 00000000 00:00 0 
7fb758000000-7fb75804e000 rw-p 00000000 00:00 0 
7fb75804e000-7fb75c000000 ---p 00000000 00:00 0 
7fb75c000000-7fb75c021000 rw-p 00000000 00:00 0 
7fb75c021000-7fb760000000 ---p 00000000 00:00 0 
7fb760000000-7fb760047000 rw-p 00000000 00:00 0 
7fb760047000-7fb764000000 ---p 00000000 00:00 0 
7fb764000000-7fb764025000 rw-p 00000000 00:00 0 
7fb764025000-7fb768000000 ---p 00000000 00:00 0 
7fb768000000-7fb7688cb000 rw-p 00000000 00:00 0 
7fb7688cb000-7fb76c000000 ---p 00000000 00:00 0 
7fb76c400000-7fb76c4c0000 rw-p 00000000 00:00 0 
7fb76c4c0000-7fb76cc00000 rw-p 00000000 00:00 0 
7fb76cc00000-7fb76cd80000 rw-p 00000000 00:00 0 
7fb76cd80000-7fb76ce00000 rw-p 00000000 00:00 0 
7fb76ce00000-7fb76d100000 rw-p 00000000 00:00 0 
7fb76d100000-7fb76d1b0000 rw-p 00000000 00:00 0 
7fb76d1b0000-7fb76d200000 ---p 00000000 00:00 0 
7fb76d200000-7fb76d400000 rw-p 00000000 00:00 0 
7fb76d400000-7fb76d500000 rw-p 00000000 00:00 0 
7fb76d500000-7fb76d700000 rw-p 00000000 00:00 0 
7fb76d700000-7fb76d800000 rw-p 00000000 00:00 0 
7fb76d800000-7fb76d900000 rw-p 00000000 00:00 0 
7fb76d900000-7fb76da00000 rw-p 00000000 00:00 0 
7fb76da00000-7fb76dc00000 rw-p 00000000 00:00 0 
7fb76dc00000-7fb76dd00000 rw-p 00000000 00:00 0 
7fb76dd00000-7fb76de00000 rw-p 00000000 00:00 0 
7fb76de00000-7fb76e300000 rw-p 00000000 00:00 0 
7fb76e300000-7fb76e400000 rw-p 00000000 00:00 0 
7fb76e400000-7fb76e500000 rw-p 00000000 00:00 0 
7fb76e500000-7fb76e600000 rw-p 00000000 00:00 0 
7fb76e600000-7fb76eb00000 rw-p 00000000 00:00 0 
7fb76eb00000-7fb76ec00000 rw-p 00000000 00:00 0 
7fb76ee00000-7fb76ee10000 r-xp 00000000 00:1833 355                      /home/runner/.cache/jdt-language-server/config/org.eclipse.equinox.launcher/org.eclipse.equinox.launcher.gtk.linux.x86_64_1.2.400.v20211117-0650/eclipse_11600.so
7fb76ee10000-7fb76f00f000 ---p 00010000 00:1833 355                      /home/runner/.cache/jdt-language-server/config/org.eclipse.equinox.launcher/org.eclipse.equinox.launcher.gtk.linux.x86_64_1.2.400.v20211117-0650/eclipse_11600.so
7fb76f00f000-7fb76f010000 r--p 0000f000 00:1833 355                      /home/runner/.cache/jdt-language-server/config/org.eclipse.equinox.launcher/org.eclipse.equinox.launcher.gtk.linux.x86_64_1.2.400.v20211117-0650/eclipse_11600.so
7fb76f010000-7fb76f011000 rw-p 00010000 00:1833 355                      /home/runner/.cache/jdt-language-server/config/org.eclipse.equinox.launcher/org.eclipse.equinox.launcher.gtk.linux.x86_64_1.2.400.v20211117-0650/eclipse_11600.so
7fb770000000-7fb770021000 rw-p 00000000 00:00 0 
7fb770021000-7fb774000000 ---p 00000000 00:00 0 
7fb774000000-7fb774021000 rw-p 00000000 00:00 0 
7fb774021000-7fb778000000 ---p 00000000 00:00 0 
7fb778000000-7fb778021000 rw-p 00000000 00:00 0 
7fb778021000-7fb77c000000 ---p 00000000 00:00 0 
7fb77c500000-7fb77c600000 ---p 00000000 00:00 0 
7fb77c600000-7fb77cbaf000 r--p 01122000 00:1836 9223372037562577944      /nix/store/gpxl5qgg8kicmcvivwmybwjlpf7wh20l-graalvm17-ce-22.3.0/lib/libjvmcicompiler.so
7fb77cbaf000-7fb77cd00000 r--p 00000000 00:00 0 
7fb77cd00000-7fb77cd3d000 rw-p 00000000 00:00 0 
7fb77cd3d000-7fb77d25d000 rw-p 0185f000 00:1836 9223372037562577944      /nix/store/gpxl5qgg8kicmcvivwmybwjlpf7wh20l-graalvm17-ce-22.3.0/lib/libjvmcicompiler.so
7fb77d25d000-7fb77d644000 r--p 01d7f000 00:1836 9223372037562577944      /nix/store/gpxl5qgg8kicmcvivwmybwjlpf7wh20l-graalvm17-ce-22.3.0/lib/libjvmcicompiler.so
7fb77d700000-7fb77d704000 ---p 00000000 00:00 0 
7fb77d704000-7fb77d800000 rw-p 00000000 00:00 0 
7fb77d900000-7fb77d904000 ---p 00000000 00:00 0 
7fb77d904000-7fb77da00000 rw-p 00000000 00:00 0 
7fb77db00000-7fb77db04000 ---p 00000000 00:00 0 
7fb77db04000-7fb77dc00000 rw-p 00000000 00:00 0 
7fb77dd00000-7fb77dd04000 ---p 00000000 00:00 0 
7fb77dd04000-7fb77de00000 rw-p 00000000 00:00 0 
7fb77df00000-7fb77df04000 ---p 00000000 00:00 0 
7fb77df04000-7fb77e000000 rw-p 00000000 00:00 0 
7fb77e100000-7fb77e104000 ---p 00000000 00:00 0 
7fb77e104000-7fb77e200000 rw-p 00000000 00:00 0 
7fb77e300000-7fb77e304000 ---p 00000000 00:00 0 
7fb77e304000-7fb77e400000 rw-p 00000000 00:00 0 
7fb77e500000-7fb77e504000 ---p 00000000 00:00 0 
7fb77e504000-7fb77e600000 rw-p 00000000 00:00 0 
7fb77e700000-7fb77e704000 ---p 00000000 00:00 0 
7fb77e704000-7fb77e800000 rw-p 00000000 00:00 0 
7fb77e900000-7fb77e904000 ---p 00000000 00:00 0 
7fb77e904000-7fb77ea00000 rw-p 00000000 00:00 0 
7fb77ea00000-7fb77ea04000 ---p 00000000 00:00 0 
7fb77ea04000-7fb77eb00000 rw-p 00000000 00:00 0 
7fb77eb00000-7fb77eb04000 ---p 00000000 00:00 0 
7fb77eb04000-7fb77ec00000 rw-p 00000000 00:00 0 
7fb77ec00000-7fb77ec04000 ---p 00000000 00:00 0 
7fb77ec04000-7fb77ed00000 rw-p 00000000 00:00 0 
7fb77ed00000-7fb77ed04000 ---p 00000000 00:00 0 
7fb77ed04000-7fb77ee00000 rw-p 00000000 00:00 0 
7fb77fa68000-7fb77ff00000 rw-p 00000000 00:00 0 
7fb780000000-7fb780021000 rw-p 00000000 00:00 0 
7fb780021000-7fb784000000 ---p 00000000 00:00 0 
7fb784000000-7fb784021000 rw-p 00000000 00:00 0 
7fb784021000-7fb788000000 ---p 00000000 00:00 0 
7fb788000000-7fb788021000 rw-p 00000000 00:00 0 
7fb788021000-7fb78c000000 ---p 00000000 00:00 0 
7fb78c000000-7fb78c021000 rw-p 00000000 00:00 0 
7fb78c021000-7fb790000000 ---p 00000000 00:00 0 
7fb790000000-7fb7900cd000 rw-p 00000000 00:00 0 
7fb7900cd000-7fb794000000 ---p 00000000 00:00 0 
7fb794000000-7fb794ada000 rw-p 00000000 00:00 0 
7fb794ada000-7fb798000000 ---p 00000000 00:00 0 
7fb798000000-7fb798021000 rw-p 00000000 00:00 0 
7fb798021000-7fb79c000000 ---p 00000000 00:00 0 
7fb79c000000-7fb79c021000 rw-p 00000000 00:00 0 
7fb79c021000-7fb7a0000000 ---p 00000000 00:00 0 
7fb7a0000000-7fb7a0021000 rw-p 00000000 00:00 0 
7fb7a0021000-7fb7a4000000 ---p 00000000 00:00 0 
7fb7a4000000-7fb7a4021000 rw-p 00000000 00:00 0 
7fb7a4021000-7fb7a8000000 ---p 00000000 00:00 0 
7fb7a8000000-7fb7a8026000 rw-p 00000000 00:00 0 
7fb7a8026000-7fb7ac000000 ---p 00000000 00:00 0 
7fb7ac000000-7fb7ac021000 rw-p 00000000 00:00 0 
7fb7ac021000-7fb7b0000000 ---p 00000000 00:00 0 
7fb7b0000000-7fb7b005a000 rw-p 00000000 00:00 0 
7fb7b005a000-7fb7b4000000 ---p 00000000 00:00 0 
7fb7b4100000-7fb7b4104000 ---p 00000000 00:00 0 
7fb7b4104000-7fb7b4200000 rw-p 00000000 00:00 0 
7fb7b4300000-7fb7b4304000 ---p 00000000 00:00 0 
7fb7b4304000-7fb7b4400000 rw-p 00000000 00:00 0 
7fb7b4500000-7fb7b4504000 ---p 00000000 00:00 0 
7fb7b4504000-7fb7b4600000 rw-p 00000000 00:00 0 
7fb7b4600000-7fb7b4604000 ---p 00000000 00:00 0 
7fb7b4604000-7fb7b4700000 rw-p 00000000 00:00 0 
7fb7b4700000-7fb7b4704000 ---p 00000000 00:00 0 
7fb7b4704000-7fb7b4800000 rw-p 00000000 00:00 0 
7fb7b4800000-7fb7b696a000 r-xp 00000000 00:1836 9223372037562577944      /nix/store/gpxl5qgg8kicmcvivwmybwjlpf7wh20l-graalvm17-ce-22.3.0/lib/libjvmcicompiler.so
7fb7b696a000-7fb7b6b69000 ---p 0216a000 00:1836 9223372037562577944      /nix/store/gpxl5qgg8kicmcvivwmybwjlpf7wh20l-graalvm17-ce-22.3.0/lib/libjvmcicompiler.so
7fb7b6b69000-7fb7b6b6a000 r--p 02169000 00:1836 9223372037562577944      /nix/store/gpxl5qgg8kicmcvivwmybwjlpf7wh20l-graalvm17-ce-22.3.0/lib/libjvmcicompiler.so
7fb7b6b6a000-7fb7b6b6c000 rw-p 0216a000 00:1836 9223372037562577944      /nix/store/gpxl5qgg8kicmcvivwmybwjlpf7wh20l-graalvm17-ce-22.3.0/lib/libjvmcicompiler.so
7fb7b6b6c000-7fb7b6b6d000 rw-p 00000000 00:00 0 
7fb7b6b6d000-7fb7b6b72000 rw-p 023c3000 00:1836 9223372037562577944      /nix/store/gpxl5qgg8kicmcvivwmybwjlpf7wh20l-graalvm17-ce-22.3.0/lib/libjvmcicompiler.so
7fb7b6bb1000-7fb7b6bb2000 ---p 00000000 00:00 0 
7fb7b6bb2000-7fb7b6cb3000 rw-p 00000000 00:00 0 
7fb7b6cb3000-7fb7b6cb7000 ---p 00000000 00:00 0 
7fb7b6cb7000-7fb7b6db3000 rw-p 00000000 00:00 0 
7fb7b6db3000-7fb7b6db7000 ---p 00000000 00:00 0 
7fb7b6db7000-7fb7b6eb3000 rw-p 00000000 00:00 0 
7fb7b6eb3000-7fb7b6eb7000 ---p 00000000 00:00 0 
7fb7b6eb7000-7fb7b6fb3000 rw-p 00000000 00:00 0 
7fb7b6fb3000-7fb7b6fb7000 ---p 00000000 00:00 0 
7fb7b6fb7000-7fb7b71b3000 rw-p 00000000 00:00 0 
7fb7b71b3000-7fb7b71b7000 ---p 00000000 00:00 0 
7fb7b71b7000-7fb7b73b3000 rw-p 00000000 00:00 0 
7fb7b73b3000-7fb7b73b7000 ---p 00000000 00:00 0 
7fb7b73b7000-7fb7b74b3000 rw-p 00000000 00:00 0 
7fb7b74b3000-7fb7b7723000 rwxp 00000000 00:00 0 
7fb7b7723000-7fb7b7a42000 ---p 00000000 00:00 0 
7fb7b7a42000-7fb7b8912000 rwxp 00000000 00:00 0 
7fb7b8912000-7fb7bef7a000 ---p 00000000 00:00 0 
7fb7bef7a000-7fb7bf1ea000 rwxp 00000000 00:00 0 
7fb7bf1ea000-7fb7c64b3000 ---p 00000000 00:00 0 
7fb7c64b3000-7fb7d0000000 r--s 00000000 00:1836 9223372037562580485      /nix/store/gpxl5qgg8kicmcvivwmybwjlpf7wh20l-graalvm17-ce-22.3.0/lib/modules
7fb7d0000000-7fb7d0662000 rw-p 00000000 00:00 0 
7fb7d0662000-7fb7d4000000 ---p 00000000 00:00 0 
7fb7d4018000-7fb7d401c000 ---p 00000000 00:00 0 
7fb7d401c000-7fb7d4118000 rw-p 00000000 00:00 0 
7fb7d4118000-7fb7d411c000 ---p 00000000 00:00 0 
7fb7d411c000-7fb7d4218000 rw-p 00000000 00:00 0 
7fb7d4218000-7fb7d44fe000 r--p 00000000 00:14a1 28444448                 /usr/lib/locale/locale-archive
7fb7d44fe000-7fb7d4502000 ---p 00000000 00:00 0 
7fb7d4502000-7fb7d45fe000 rw-p 00000000 00:00 0 
7fb7d45fe000-7fb7d4602000 ---p 00000000 00:00 0 
7fb7d4602000-7fb7d46fe000 rw-p 00000000 00:00 0 
7fb7d46fe000-7fb7d46ff000 ---p 00000000 00:00 0 
7fb7d46ff000-7fb7d4c00000 rw-p 00000000 00:00 0 
7fb7d4c00000-7fb7d4f00000 rw-p 00000000 00:00 0 
7fb7d4f00000-7fb7d5000000 rw-p 00000000 00:00 0 
7fb7d503f000-7fb7d5041000 r-xp 00000000 00:1836 9223372037562577921      /nix/store/gpxl5qgg8kicmcvivwmybwjlpf7wh20l-graalvm17-ce-22.3.0/lib/libextnet.so
7fb7d5041000-7fb7d5042000 r--p 00001000 00:1836 9223372037562577921      /nix/store/gpxl5qgg8kicmcvivwmybwjlpf7wh20l-graalvm17-ce-22.3.0/lib/libextnet.so
7fb7d5042000-7fb7d5043000 rw-p 00002000 00:1836 9223372037562577921      /nix/store/gpxl5qgg8kicmcvivwmybwjlpf7wh20l-graalvm17-ce-22.3.0/lib/libextnet.so
7fb7d5043000-7fb7d5044000 rw-p 00004000 00:1836 9223372037562577921      /nix/store/gpxl5qgg8kicmcvivwmybwjlpf7wh20l-graalvm17-ce-22.3.0/lib/libextnet.so
7fb7d5044000-7fb7d5048000 ---p 00000000 00:00 0 
7fb7d5048000-7fb7d5066000 rw-p 00000000 00:00 0 
7fb7d5066000-7fb7d506d000 r-xp 00000000 00:1836 9223372037562580484      /nix/store/gpxl5qgg8kicmcvivwmybwjlpf7wh20l-graalvm17-ce-22.3.0/lib/libzip.so
7fb7d506d000-7fb7d506e000 ---p 00007000 00:1836 9223372037562580484      /nix/store/gpxl5qgg8kicmcvivwmybwjlpf7wh20l-graalvm17-ce-22.3.0/lib/libzip.so
7fb7d506e000-7fb7d506f000 r--p 00007000 00:1836 9223372037562580484      /nix/store/gpxl5qgg8kicmcvivwmybwjlpf7wh20l-graalvm17-ce-22.3.0/lib/libzip.so
7fb7d506f000-7fb7d5070000 rw-p 00008000 00:1836 9223372037562580484      /nix/store/gpxl5qgg8kicmcvivwmybwjlpf7wh20l-graalvm17-ce-22.3.0/lib/libzip.so
7fb7d5070000-7fb7d5072000 rw-p 0000b000 00:1836 9223372037562580484      /nix/store/gpxl5qgg8kicmcvivwmybwjlpf7wh20l-graalvm17-ce-22.3.0/lib/libzip.so
7fb7d5072000-7fb7d5087000 r-xp 00000000 00:1836 9223372037562580474      /nix/store/gpxl5qgg8kicmcvivwmybwjlpf7wh20l-graalvm17-ce-22.3.0/lib/libnet.so
7fb7d5087000-7fb7d5088000 ---p 00015000 00:1836 9223372037562580474      /nix/store/gpxl5qgg8kicmcvivwmybwjlpf7wh20l-graalvm17-ce-22.3.0/lib/libnet.so
7fb7d5088000-7fb7d5089000 r--p 00015000 00:1836 9223372037562580474      /nix/store/gpxl5qgg8kicmcvivwmybwjlpf7wh20l-graalvm17-ce-22.3.0/lib/libnet.so
7fb7d5089000-7fb7d508a000 rw-p 00016000 00:1836 9223372037562580474      /nix/store/gpxl5qgg8kicmcvivwmybwjlpf7wh20l-graalvm17-ce-22.3.0/lib/libnet.so
7fb7d508a000-7fb7d508d000 rw-p 0001b000 00:1836 9223372037562580474      /nix/store/gpxl5qgg8kicmcvivwmybwjlpf7wh20l-graalvm17-ce-22.3.0/lib/libnet.so
7fb7d508d000-7fb7d50a0000 r-xp 00000000 00:1836 9223372037562580475      /nix/store/gpxl5qgg8kicmcvivwmybwjlpf7wh20l-graalvm17-ce-22.3.0/lib/libnio.so
7fb7d50a0000-7fb7d50a1000 r--p 00012000 00:1836 9223372037562580475      /nix/store/gpxl5qgg8kicmcvivwmybwjlpf7wh20l-graalvm17-ce-22.3.0/lib/libnio.so
7fb7d50a1000-7fb7d50a2000 rw-p 00013000 00:1836 9223372037562580475      /nix/store/gpxl5qgg8kicmcvivwmybwjlpf7wh20l-graalvm17-ce-22.3.0/lib/libnio.so
7fb7d50a2000-7fb7d50a7000 rw-p 00019000 00:1836 9223372037562580475      /nix/store/gpxl5qgg8kicmcvivwmybwjlpf7wh20l-graalvm17-ce-22.3.0/lib/libnio.so
7fb7d50a7000-7fb7d5175000 r-xp 00000000 00:1836 9223372037562577940      /nix/store/gpxl5qgg8kicmcvivwmybwjlpf7wh20l-graalvm17-ce-22.3.0/lib/libjsvml.so
7fb7d5175000-7fb7d5176000 r--p 000cd000 00:1836 9223372037562577940      /nix/store/gpxl5qgg8kicmcvivwmybwjlpf7wh20l-graalvm17-ce-22.3.0/lib/libjsvml.so
7fb7d5176000-7fb7d5177000 rw-p 000ce000 00:1836 9223372037562577940      /nix/store/gpxl5qgg8kicmcvivwmybwjlpf7wh20l-graalvm17-ce-22.3.0/lib/libjsvml.so
7fb7d5177000-7fb7d6a4f000 rw-p 00000000 00:00 0 
7fb7d6a4f000-7fb7d6a50000 ---p 00000000 00:00 0 
7fb7d6a50000-7fb7d6bfb000 rw-p 00000000 00:00 0 
7fb7d6bfb000-7fb7d6c26000 rw-p 00000000 00:00 0 
7fb7d6c26000-7fb7d6c51000 ---p 00000000 00:00 0 
7fb7d6c51000-7fb7d6c57000 rw-p 00000000 00:00 0 
7fb7d6c57000-7fb7d6d3d000 ---p 00000000 00:00 0 
7fb7d6d3d000-7fb7d6d5b000 rw-p 00000000 00:00 0 
7fb7d6d5b000-7fb7d6e28000 ---p 00000000 00:00 0 
7fb7d6e28000-7fb7d6e2d000 rw-p 00000000 00:00 0 
7fb7d6e2d000-7fb7d6e34000 ---p 00000000 00:00 0 
7fb7d6e34000-7fb7d6e58000 r-xp 00000000 00:1836 9223372037562577932      /nix/store/gpxl5qgg8kicmcvivwmybwjlpf7wh20l-graalvm17-ce-22.3.0/lib/libjava.so
7fb7d6e58000-7fb7d6e59000 ---p 00024000 00:1836 9223372037562577932      /nix/store/gpxl5qgg8kicmcvivwmybwjlpf7wh20l-graalvm17-ce-22.3.0/lib/libjava.so
7fb7d6e59000-7fb7d6e5a000 r--p 00024000 00:1836 9223372037562577932      /nix/store/gpxl5qgg8kicmcvivwmybwjlpf7wh20l-graalvm17-ce-22.3.0/lib/libjava.so
7fb7d6e5a000-7fb7d6e5b000 rw-p 00025000 00:1836 9223372037562577932      /nix/store/gpxl5qgg8kicmcvivwmybwjlpf7wh20l-graalvm17-ce-22.3.0/lib/libjava.so
7fb7d6e5b000-7fb7d6e5c000 rw-p 00000000 00:00 0 
7fb7d6e5c000-7fb7d6e63000 rw-p 0002f000 00:1836 9223372037562577932      /nix/store/gpxl5qgg8kicmcvivwmybwjlpf7wh20l-graalvm17-ce-22.3.0/lib/libjava.so
7fb7d6e63000-7fb7d6e6b000 rw-s 00000000 00:31b 352                       /tmp/hsperfdata_runner/25
7fb7d6e6b000-7fb7d6e6c000 ---p 00000000 00:00 0 
7fb7d6e6c000-7fb7d6e6d000 r--p 00000000 00:00 0 
7fb7d6e6d000-7fb7d6e6e000 rwxp 00000000 00:00 0 
7fb7d6e6e000-7fb7d6e89000 r-xp 00000000 00:1836 9223372037562577936      /nix/store/gpxl5qgg8kicmcvivwmybwjlpf7wh20l-graalvm17-ce-22.3.0/lib/libjimage.so
7fb7d6e89000-7fb7d6e8a000 ---p 0001b000 00:1836 9223372037562577936      /nix/store/gpxl5qgg8kicmcvivwmybwjlpf7wh20l-graalvm17-ce-22.3.0/lib/libjimage.so
7fb7d6e8a000-7fb7d6e8c000 r--p 0001b000 00:1836 9223372037562577936      /nix/store/gpxl5qgg8kicmcvivwmybwjlpf7wh20l-graalvm17-ce-22.3.0/lib/libjimage.so
7fb7d6e8c000-7fb7d6e8d000 rw-p 0001d000 00:1836 9223372037562577936      /nix/store/gpxl5qgg8kicmcvivwmybwjlpf7wh20l-graalvm17-ce-22.3.0/lib/libjimage.so
7fb7d6e8d000-7fb7d6e8e000 rw-p 00024000 00:1836 9223372037562577936      /nix/store/gpxl5qgg8kicmcvivwmybwjlpf7wh20l-graalvm17-ce-22.3.0/lib/libjimage.so
7fb7d6e8e000-7fb7d6e92000 ---p 00000000 00:00 0 
7fb7d6e92000-7fb7d6f8e000 rw-p 00000000 00:00 0 
7fb7d6f8e000-7fb7d6f9c000 r--p 00000000 00:1836 9223372037455367831      /nix/store/4nlgxhb09sdr51nc9hdm8az5b08vzkgx-glibc-2.35-163/lib/libm.so.6
7fb7d6f9c000-7fb7d700f000 r-xp 0000e000 00:1836 9223372037455367831      /nix/store/4nlgxhb09sdr51nc9hdm8az5b08vzkgx-glibc-2.35-163/lib/libm.so.6
7fb7d700f000-7fb7d706c000 r--p 00081000 00:1836 9223372037455367831      /nix/store/4nlgxhb09sdr51nc9hdm8az5b08vzkgx-glibc-2.35-163/lib/libm.so.6
7fb7d706c000-7fb7d706d000 r--p 000dd000 00:1836 9223372037455367831      /nix/store/4nlgxhb09sdr51nc9hdm8az5b08vzkgx-glibc-2.35-163/lib/libm.so.6
7fb7d706d000-7fb7d706e000 rw-p 000de000 00:1836 9223372037455367831      /nix/store/4nlgxhb09sdr51nc9hdm8az5b08vzkgx-glibc-2.35-163/lib/libm.so.6
7fb7d706e000-7fb7d706f000 r--p 00000000 00:1836 9223372037455367850      /nix/store/4nlgxhb09sdr51nc9hdm8az5b08vzkgx-glibc-2.35-163/lib/librt.so.1
7fb7d706f000-7fb7d7070000 r-xp 00001000 00:1836 9223372037455367850      /nix/store/4nlgxhb09sdr51nc9hdm8az5b08vzkgx-glibc-2.35-163/lib/librt.so.1
7fb7d7070000-7fb7d7071000 r--p 00002000 00:1836 9223372037455367850      /nix/store/4nlgxhb09sdr51nc9hdm8az5b08vzkgx-glibc-2.35-163/lib/librt.so.1
7fb7d7071000-7fb7d7072000 r--p 00002000 00:1836 9223372037455367850      /nix/store/4nlgxhb09sdr51nc9hdm8az5b08vzkgx-glibc-2.35-163/lib/librt.so.1
7fb7d7072000-7fb7d7073000 rw-p 00003000 00:1836 9223372037455367850      /nix/store/4nlgxhb09sdr51nc9hdm8az5b08vzkgx-glibc-2.35-163/lib/librt.so.1
7fb7d7073000-7fb7d8186000 r-xp 00000000 00:1836 9223372037562748770      /nix/store/gpxl5qgg8kicmcvivwmybwjlpf7wh20l-graalvm17-ce-22.3.0/lib/server/libjvm.so
7fb7d8186000-7fb7d8187000 ---p 01113000 00:1836 9223372037562748770      /nix/store/gpxl5qgg8kicmcvivwmybwjlpf7wh20l-graalvm17-ce-22.3.0/lib/server/libjvm.so
7fb7d8187000-7fb7d823c000 r--p 01113000 00:1836 9223372037562748770      /nix/store/gpxl5qgg8kicmcvivwmybwjlpf7wh20l-graalvm17-ce-22.3.0/lib/server/libjvm.so
7fb7d823c000-7fb7d8270000 rw-p 011c8000 00:1836 9223372037562748770      /nix/store/gpxl5qgg8kicmcvivwmybwjlpf7wh20l-graalvm17-ce-22.3.0/lib/server/libjvm.so
7fb7d8270000-7fb7d82cc000 rw-p 00000000 00:00 0 
7fb7d82cc000-7fb7d82f4000 r--p 00000000 00:1836 9223372037455367822      /nix/store/4nlgxhb09sdr51nc9hdm8az5b08vzkgx-glibc-2.35-163/lib/libc.so.6
7fb7d82f4000-7fb7d846a000 r-xp 00028000 00:1836 9223372037455367822      /nix/store/4nlgxhb09sdr51nc9hdm8az5b08vzkgx-glibc-2.35-163/lib/libc.so.6
7fb7d846a000-7fb7d84c2000 r--p 0019e000 00:1836 9223372037455367822      /nix/store/4nlgxhb09sdr51nc9hdm8az5b08vzkgx-glibc-2.35-163/lib/libc.so.6
7fb7d84c2000-7fb7d84c6000 r--p 001f6000 00:1836 9223372037455367822      /nix/store/4nlgxhb09sdr51nc9hdm8az5b08vzkgx-glibc-2.35-163/lib/libc.so.6
7fb7d84c6000-7fb7d84c8000 rw-p 001fa000 00:1836 9223372037455367822      /nix/store/4nlgxhb09sdr51nc9hdm8az5b08vzkgx-glibc-2.35-163/lib/libc.so.6
7fb7d84c8000-7fb7d84d7000 rw-p 00000000 00:00 0 
7fb7d84d7000-7fb7d84d8000 r--p 00000000 00:1836 9223372037455367827      /nix/store/4nlgxhb09sdr51nc9hdm8az5b08vzkgx-glibc-2.35-163/lib/libdl.so.2
7fb7d84d8000-7fb7d84d9000 r-xp 00001000 00:1836 9223372037455367827      /nix/store/4nlgxhb09sdr51nc9hdm8az5b08vzkgx-glibc-2.35-163/lib/libdl.so.2
7fb7d84d9000-7fb7d84da000 r--p 00002000 00:1836 9223372037455367827      /nix/store/4nlgxhb09sdr51nc9hdm8az5b08vzkgx-glibc-2.35-163/lib/libdl.so.2
7fb7d84da000-7fb7d84db000 r--p 00002000 00:1836 9223372037455367827      /nix/store/4nlgxhb09sdr51nc9hdm8az5b08vzkgx-glibc-2.35-163/lib/libdl.so.2
7fb7d84db000-7fb7d84dc000 rw-p 00003000 00:1836 9223372037455367827      /nix/store/4nlgxhb09sdr51nc9hdm8az5b08vzkgx-glibc-2.35-163/lib/libdl.so.2
7fb7d84dc000-7fb7d84dd000 r--p 00000000 00:1836 9223372037455367846      /nix/store/4nlgxhb09sdr51nc9hdm8az5b08vzkgx-glibc-2.35-163/lib/libpthread.so.0
7fb7d84dd000-7fb7d84de000 r-xp 00001000 00:1836 9223372037455367846      /nix/store/4nlgxhb09sdr51nc9hdm8az5b08vzkgx-glibc-2.35-163/lib/libpthread.so.0
7fb7d84de000-7fb7d84df000 r--p 00002000 00:1836 9223372037455367846      /nix/store/4nlgxhb09sdr51nc9hdm8az5b08vzkgx-glibc-2.35-163/lib/libpthread.so.0
7fb7d84df000-7fb7d84e0000 r--p 00002000 00:1836 9223372037455367846      /nix/store/4nlgxhb09sdr51nc9hdm8az5b08vzkgx-glibc-2.35-163/lib/libpthread.so.0
7fb7d84e0000-7fb7d84e1000 rw-p 00003000 00:1836 9223372037455367846      /nix/store/4nlgxhb09sdr51nc9hdm8az5b08vzkgx-glibc-2.35-163/lib/libpthread.so.0
7fb7d84e1000-7fb7d84ef000 r-xp 00000000 00:1836 9223372037562577937      /nix/store/gpxl5qgg8kicmcvivwmybwjlpf7wh20l-graalvm17-ce-22.3.0/lib/libjli.so
7fb7d84ef000-7fb7d84f0000 ---p 0000e000 00:1836 9223372037562577937      /nix/store/gpxl5qgg8kicmcvivwmybwjlpf7wh20l-graalvm17-ce-22.3.0/lib/libjli.so
7fb7d84f0000-7fb7d84f1000 r--p 0000e000 00:1836 9223372037562577937      /nix/store/gpxl5qgg8kicmcvivwmybwjlpf7wh20l-graalvm17-ce-22.3.0/lib/libjli.so
7fb7d84f1000-7fb7d84f2000 rw-p 0000f000 00:1836 9223372037562577937      /nix/store/gpxl5qgg8kicmcvivwmybwjlpf7wh20l-graalvm17-ce-22.3.0/lib/libjli.so
7fb7d84f2000-7fb7d84f3000 rw-p 00012000 00:1836 9223372037562577937      /nix/store/gpxl5qgg8kicmcvivwmybwjlpf7wh20l-graalvm17-ce-22.3.0/lib/libjli.so
7fb7d84f3000-7fb7d84f6000 r--p 00000000 00:1836 9223372037533597975      /nix/store/026hln0aq1hyshaxsdvhg0kmcm6yf45r-zlib-1.2.13/lib/libz.so.1.2.13
7fb7d84f6000-7fb7d8508000 r-xp 00003000 00:1836 9223372037533597975      /nix/store/026hln0aq1hyshaxsdvhg0kmcm6yf45r-zlib-1.2.13/lib/libz.so.1.2.13
7fb7d8508000-7fb7d850f000 r--p 00015000 00:1836 9223372037533597975      /nix/store/026hln0aq1hyshaxsdvhg0kmcm6yf45r-zlib-1.2.13/lib/libz.so.1.2.13
7fb7d850f000-7fb7d8510000 r--p 0001b000 00:1836 9223372037533597975      /nix/store/026hln0aq1hyshaxsdvhg0kmcm6yf45r-zlib-1.2.13/lib/libz.so.1.2.13
7fb7d8510000-7fb7d8511000 rw-p 0001c000 00:1836 9223372037533597975      /nix/store/026hln0aq1hyshaxsdvhg0kmcm6yf45r-zlib-1.2.13/lib/libz.so.1.2.13
7fb7d8511000-7fb7d8513000 rw-p 00000000 00:00 0 
7fb7d8513000-7fb7d8515000 r--p 00000000 00:1836 9223372037455367816      /nix/store/4nlgxhb09sdr51nc9hdm8az5b08vzkgx-glibc-2.35-163/lib/ld-linux-x86-64.so.2
7fb7d8515000-7fb7d853c000 r-xp 00002000 00:1836 9223372037455367816      /nix/store/4nlgxhb09sdr51nc9hdm8az5b08vzkgx-glibc-2.35-163/lib/ld-linux-x86-64.so.2
7fb7d853c000-7fb7d8548000 r--p 00029000 00:1836 9223372037455367816      /nix/store/4nlgxhb09sdr51nc9hdm8az5b08vzkgx-glibc-2.35-163/lib/ld-linux-x86-64.so.2
7fb7d8548000-7fb7d854a000 r--p 00034000 00:1836 9223372037455367816      /nix/store/4nlgxhb09sdr51nc9hdm8az5b08vzkgx-glibc-2.35-163/lib/ld-linux-x86-64.so.2
7fb7d854a000-7fb7d854c000 rw-p 00036000 00:1836 9223372037455367816      /nix/store/4nlgxhb09sdr51nc9hdm8az5b08vzkgx-glibc-2.35-163/lib/ld-linux-x86-64.so.2
7fffc5123000-7fffc5147000 rw-p 00000000 00:00 0                          [stack]
7fffc516a000-7fffc516e000 r--p 00000000 00:00 0                          [vvar]
7fffc516e000-7fffc5170000 r-xp 00000000 00:00 0                          [vdso]
ffffffffff600000-ffffffffff601000 --xp 00000000 00:00 0                  [vsyscall]


VM Arguments:
jvm_args: -XX:ThreadPriorityPolicy=1 -XX:+UnlockExperimentalVMOptions -XX:+EnableJVMCIProduct -XX:JVMCIThreadsPerNativeLibraryRuntime=1 -XX:-UnlockExperimentalVMOptions -Declipse.application=org.eclipse.jdt.ls.core.id1 -Dosgi.bundles.defaultStartLevel=4 -Declipse.product=org.eclipse.jdt.ls.core.product -Dlog.level=ALL -Xverify:none -XX:+UseParallelGC -XX:GCTimeRatio=4 -XX:AdaptiveSizePolicyWeight=90 -Dsun.zip.disableMemoryMapping=true -Xmx512m -Xms100m 
java_command: /nix/store/m6gcpi1ii6rghy04cjwjddcavv7i90df-jdt-language-server-1.9.0/share/java/plugins/org.eclipse.equinox.launcher_1.6.400.v20210924-0641.jar --add-modules=ALL-SYSTEM --add-opens java.base/java.util=ALL-UNNAMED --add-opens java.base/java.lang=ALL-UNNAMED -configuration /home/runner/.cache/jdt-language-server/config -data /home/runner/.cache/jdt-language-server/data/home/runner/RobotRUN
java_class_path (initial): /nix/store/m6gcpi1ii6rghy04cjwjddcavv7i90df-jdt-language-server-1.9.0/share/java/plugins/org.eclipse.equinox.launcher_1.6.400.v20210924-0641.jar
Launcher Type: SUN_STANDARD

[Global flags]
    uintx AdaptiveSizePolicyWeight                 = 90                                        {product} {command line}
     intx CICompilerCount                          = 2                                         {product} {ergonomic}
     bool EnableJVMCIProduct                       = true                                {JVMCI product} {jimage}
    uintx GCTimeRatio                              = 4                                         {product} {command line}
   size_t InitialHeapSize                          = 104857600                                 {product} {command line}
     uint JVMCIThreadsPerNativeLibraryRuntime      = 1                                   {JVMCI product} {jimage}
   size_t MaxHeapSize                              = 536870912                                 {product} {command line}
   size_t MaxNewSize                               = 178782208                                 {product} {ergonomic}
   size_t MinHeapDeltaBytes                        = 524288                                    {product} {ergonomic}
   size_t MinHeapSize                              = 104857600                                 {product} {command line}
   size_t NewSize                                  = 34603008                                  {product} {ergonomic}
    uintx NonNMethodCodeHeapSize                   = 5826188                                {pd product} {ergonomic}
    uintx NonProfiledCodeHeapSize                  = 122916026                              {pd product} {ergonomic}
   size_t OldSize                                  = 70254592                                  {product} {ergonomic}
    uintx ProfiledCodeHeapSize                     = 122916026                              {pd product} {ergonomic}
    uintx ReservedCodeCacheSize                    = 251658240                              {pd product} {ergonomic}
     bool SegmentedCodeCache                       = true                                      {product} {ergonomic}
   size_t SoftMaxHeapSize                          = 536870912                              {manageable} {ergonomic}
     intx ThreadPriorityPolicy                     = 1                                         {product} {jimage}
     bool UseCompressedClassPointers               = true                           {product lp64_product} {ergonomic}
     bool UseCompressedOops                        = true                           {product lp64_product} {ergonomic}
     bool UseParallelGC                            = true                                      {product} {command line}

Logging:
Log output configuration:
 #0: stdout all=warning uptime,level,tags
 #1: stderr all=off uptime,level,tags

Environment Variables:
JAVA_HOME=/nix/store/gpxl5qgg8kicmcvivwmybwjlpf7wh20l-graalvm17-ce-22.3.0
PATH=/nix/store/1d6ian3r8kdzspw8hacjhl3xkp40g1lj-binutils-wrapper-2.39/bin:/nix/store/dq0xwmsk1g0i2ayg6pb7y87na2knzylh-gcc-wrapper-11.3.0/bin:/nix/store/bap4d0lpcrhpwmpb8ayjcgkmvfj62lnq-bash-interactive-5.1-p16/bin:/nix/store/pr5n59mb4jzmfx6kanwxly0l07p861fg-patchelf-0.15.0/bin:/nix/store/1gf2flfqnpqbr1b4p4qz2f72y42bs56r-gcc-11.3.0/bin:/nix/store/57xv61c5zi8pphjbcwxxjlgc34p61ic9-glibc-2.35-163-bin/bin:/nix/store/a7gvj343m05j2s32xcnwr35v31ynlypr-coreutils-9.1/bin:/nix/store/039g378vc3pc3dvi9dzdlrd0i4q93qwf-binutils-2.39/bin:/nix/store/gpxl5qgg8kicmcvivwmybwjlpf7wh20l-graalvm17-ce-22.3.0/bin:/nix/store/6z9ag3ihc8mq2hzsw48lhbznvzny65nz-apache-maven-3.8.6/bin:/nix/store/m6gcpi1ii6rghy04cjwjddcavv7i90df-jdt-language-server-1.9.0/bin:/nix/store/84xs5alhs01zrbr4ywm05kxbjbp5590l-java-debug/bin:/nix/store/mydc6f4k2z73xlcz7ilif3v2lcaiqvza-findutils-4.9.0/bin:/nix/store/j9p3g8472iijd50vhdprx0nmk2fqn5gv-diffutils-3.8/bin:/nix/store/89zs7rms6x00xfq4dq6m7mjnhkr8a6r4-gnused-4.8/bin:/nix/store/86bp03jkmsl6f92w0yzg4s59g5mhxwmy-gnugrep-3.7/bin:/nix/store/hwcdqw4jrjnd37wxqgsd47hd0j8bnj09-gawk-5.1.1/bin:/nix/store/cfbhw8r8ags41vwqaz47r583d0p4h4a1-gnutar-1.34/bin:/nix/store/p3m1ndl1lapwrlh698bnb5lvvxh67378-gzip-1.12/bin:/nix/store/a8mhcagrsly7c7mpjrpsnaahk4aax056-bzip2-1.0.8-bin/bin:/nix/store/mblgz65m3zv9x548a3d5m96fj2pbwr09-gnumake-4.3/bin:/nix/store/dsd5gz46hdbdk2rfdimqddhq6m8m8fqs-bash-5.1-p16/bin:/nix/store/v7ljksji50mg3w61dykaa3n3y79n6nil-patch-2.7.6/bin:/nix/store/zlcnmqq14jz5x9439jf937mvayyl63da-xz-5.2.7-bin/bin:/nix/store/y6aj732zm9m87c82fpvf103a1xb22blp-file-5.43/bin:/nix/store/sgqd0ajghcv2axfl1lad0b1alyavp0dc-prybar-elisp-0.0.0-67f7a00/bin:/nix/store/p3hsvljpgs68jqwar41lc0jqhjj734lf-prybar-lua-0.0.0-67f7a00/bin:/nix/store/qzxs2gybds3s9kb1vkaflpgm2nwr85fh-prybar-python3-0.0.0-67f7a00/bin:/nix/store/km94z9mxp8w4m8gxxp5mbfpdf3nkfvd8-prybar-sqlite-0.0.0-67f7a00/bin:/nix/store/2pnc7b76asw0z59c4l6h6qy8arwqrii1-prybar-tcl-0.0.0-67f7a00/bin:/nix/store/hpbvrlwd5viqmvcaisb3x0118i913a9n-st
LD_LIBRARY_PATH=/nix/store/a4pff549sk2idnkpzk5nsfps3mdkdnvm-cups-2.4.2-lib/lib:/nix/store/72mqxxhh3cy5yifh92wh2yb8cl2hikyy-cairo-1.16.0/lib:/nix/store/2k366jrbsra97gjfxwvrhvixjfxdach5-glib-2.74.1/lib:/nix/store/2j2znigd8ak37rlwh9khz0ry3clqlw1l-gtk+3-3.24.34/lib:/nix/store/hisqvx32cd57apbpcsnkpx6k3549wql1-libglvnd-1.4.0/lib:/nix/store/p36pgcv991mq5srvg765b78yqpxvk3qs-mesa-21.3.3-drivers/lib:/nix/store/mav4251if1ahjq5vkpwycyyvnmy459c4-pulseaudio-14.2/lib
DISPLAY=:0
LANG=en_US.UTF-8

Signal Handlers:
   SIGSEGV: crash_handler in libjvm.so, mask=11100100010111111101111111111110, flags=SA_RESTART|SA_SIGINFO
    SIGBUS: crash_handler in libjvm.so, mask=11100100010111111101111111111110, flags=SA_RESTART|SA_SIGINFO
    SIGFPE: crash_handler in libjvm.so, mask=11100100010111111101111111111110, flags=SA_RESTART|SA_SIGINFO
   SIGPIPE: IsolateEnterStub_IgnoreSIGPIPEStartupHook_noopSignalHandler_8f19bff2f35b5f630d83b364d6b2339320d4ec70_216e8361c6bc87a8f89f58cc10d3b2fd4415bf87 in libjvmcicompiler.so, mask=00000000000000000000000000000000, flags=SA_RESTART
  *** Handler was modified!
  *** Expected: javaSignalHandler in libjvm.so, mask=11100100110111111111111111111110, flags=SA_RESTART|SA_SIGINFO
   SIGXFSZ: javaSignalHandler in libjvm.so, mask=11100100010111111101111111111110, flags=SA_RESTART|SA_SIGINFO
    SIGILL: crash_handler in libjvm.so, mask=11100100010111111101111111111110, flags=SA_RESTART|SA_SIGINFO
   SIGUSR2: SR_handler in libjvm.so, mask=00000000000000000000000000000000, flags=SA_RESTART|SA_SIGINFO
    SIGHUP: UserHandler in libjvm.so, mask=11100100010111111101111111111110, flags=SA_RESTART|SA_SIGINFO
    SIGINT: UserHandler in libjvm.so, mask=11100100010111111101111111111110, flags=SA_RESTART|SA_SIGINFO
   SIGTERM: UserHandler in libjvm.so, mask=11100100010111111101111111111110, flags=SA_RESTART|SA_SIGINFO
   SIGQUIT: UserHandler in libjvm.so, mask=11100100010111111101111111111110, flags=SA_RESTART|SA_SIGINFO
  *** Handler was modified!
  *** Expected: javaSignalHandler in libjvm.so, mask=11100100110111111111111111111110, flags=SA_RESTART|SA_SIGINFO
   SIGTRAP: crash_handler in libjvm.so, mask=11100100010111111101111111111110, flags=SA_RESTART|SA_SIGINFO


---------------  S Y S T E M  ---------------

OS:
DISTRIB_ID=Ubuntu
DISTRIB_RELEASE=20.04
DISTRIB_CODENAME=focal
DISTRIB_DESCRIPTION="Ubuntu 20.04.2 LTS"
uname: Linux 5.15.0-1025-gcp #32~20.04.2-Ubuntu SMP Tue Nov 29 08:31:04 UTC 2022 x86_64
OS uptime: 0 days 0:46 hours
libc: glibc 2.35 NPTL 2.35 
rlimit (soft/hard): STACK 8192k/infinity , CORE infinity/infinity , NPROC infinity/infinity , NOFILE 5242/5242 , AS infinity/infinity , CPU infinity/infinity , DATA infinity/infinity , FSIZE infinity/infinity , MEMLOCK 64k/64k
load average: 20.93 17.04 13.73

/proc/meminfo:
MemTotal:       65852728 kB
MemFree:        25070992 kB
MemAvailable:   49132656 kB
Buffers:          951428 kB
Cached:         22060156 kB
SwapCached:            0 kB
Active:          6055392 kB
Inactive:       31204672 kB
Active(anon):      16256 kB
Inactive(anon): 13861692 kB
Active(file):    6039136 kB
Inactive(file): 17342980 kB
Unevictable:       43472 kB
Mlocked:           43472 kB
SwapTotal:             0 kB
SwapFree:              0 kB
Dirty:              1596 kB
Writeback:             0 kB
AnonPages:      13909124 kB
Mapped:          1886980 kB
Shmem:            183280 kB
KReclaimable:    1406148 kB
Slab:            2516768 kB
SReclaimable:    1406148 kB
SUnreclaim:      1110620 kB
KernelStack:      406160 kB
PageTables:       186704 kB
NFS_Unstable:          0 kB
Bounce:                0 kB
WritebackTmp:          0 kB
CommitLimit:    32926364 kB
Committed_AS:   67091072 kB
VmallocTotal:   34359738367 kB
VmallocUsed:      441744 kB
VmallocChunk:          0 kB
Percpu:            48960 kB
HardwareCorrupted:     0 kB
AnonHugePages:    337920 kB
ShmemHugePages:        0 kB
ShmemPmdMapped:        0 kB
FileHugePages:         0 kB
FilePmdMapped:         0 kB
HugePages_Total:       0
HugePages_Free:        0
HugePages_Rsvd:        0
HugePages_Surp:        0
Hugepagesize:       2048 kB
Hugetlb:               0 kB
DirectMap4k:     2460480 kB
DirectMap2M:    41576448 kB
DirectMap1G:    25165824 kB

/sys/kernel/mm/transparent_hugepage/enabled: always [madvise] never
/sys/kernel/mm/transparent_hugepage/defrag (defrag/compaction efforts parameter): always defer defer+madvise [madvise] never

Process Memory:
Virtual Size: 4588632K (peak: 4628284K)
Resident Set Size: 746804K (peak: 782868K) (anon: 550036K, file: 196768K, shmem: 0K)
Swapped out: 0K
C-Heap outstanding allocations: 41112K, retained: 14179K
glibc malloc tunables: (default)

/proc/sys/kernel/threads-max (system-wide limit on the number of threads): 514406
/proc/sys/vm/max_map_count (maximum number of memory map areas a process may have): 65530
/proc/sys/kernel/pid_max (system-wide limit on number of process identifiers): 4194304

container (cgroup) information:
container_type: cgroupv1
cpu_cpuset_cpus: 2-7
cpu_memory_nodes: 0
active_processor_count: 1
cpu_quota: 50000
cpu_period: 100000
cpu_shares: 512
memory_limit_in_bytes: 1048576 k
memory_and_swap_limit_in_bytes: 1048576 k
memory_soft_limit_in_bytes: 524288 k
memory_usage_in_bytes: 671676 k
memory_max_usage_in_bytes: 751168 k
maximum number of tasks: 1000
current number of tasks: 58

KVM virtualization detected
Steal ticks since vm start: 0
Steal ticks percentage since vm start:  0.000

CPU: total 8 (initial active 1) (8 cores per cpu, 2 threads per core) family 23 model 49 stepping 0 microcode 0xffffffff, cx8, cmov, fxsr, ht, mmx, 3dnowpref, sse, sse2, sse3, ssse3, sse4a, sse4.1, sse4.2, popcnt, lzcnt, tsc, tscinvbit, avx, avx2, aes, clmul, bmi1, bmi2, adx, sha, fma, vzeroupper, clflush, clflushopt, hv
CPU Model and flags from /proc/cpuinfo:
model name	: AMD EPYC 7B12
flags		: fpu vme de pse tsc msr pae mce cx8 apic sep mtrr pge mca cmov pat pse36 clflush mmx fxsr sse sse2 ht syscall nx mmxext fxsr_opt pdpe1gb rdtscp lm constant_tsc rep_good nopl nonstop_tsc cpuid extd_apicid tsc_known_freq pni pclmulqdq ssse3 fma cx16 sse4_1 sse4_2 movbe popcnt aes xsave avx f16c rdrand hypervisor lahf_lm cmp_legacy cr8_legacy abm sse4a misalignsse 3dnowprefetch osvw topoext ssbd ibrs ibpb stibp vmmcall fsgsbase tsc_adjust bmi1 avx2 smep bmi2 rdseed adx smap clflushopt clwb sha_ni xsaveopt xsavec xgetbv1 clzero xsaveerptr arat npt nrip_save umip rdpid

Online cpus: 0-7
Offline cpus: 
BIOS frequency limitation: <Not Available>
Frequency switch latency (ns): <Not Available>
Available cpu frequencies: <Not Available>
Current governor: <Not Available>
Core performance/turbo boost: <Not Available>

Memory: 4k page, physical 1048576k(376888k free), swap 0k(0k free)
Page Sizes: 4k

vm_info: OpenJDK 64-Bit Server VM (17.0.5+8-jvmci-22.3-b08) for linux-amd64 JRE (17.0.5+8-jvmci-22.3-b08), built on Oct 19 2022 09:01:27 by "buildslave" with gcc 10.3.0

END.
